{"C:\\Users\\pc\\Videos\\Event Ticketing System\\backend\\src\\Booking\\booking.controller.ts": {"path":"C:\\Users\\pc\\Videos\\Event Ticketing System\\backend\\src\\Booking\\booking.controller.ts","statementMap":{"0":{"start":{"line":2,"column":0},"end":{"line":2,"column":52}},"1":{"start":{"line":5,"column":30},"end":{"line":12,"column":1}},"2":{"start":{"line":6,"column":4},"end":{"line":11,"column":5}},"3":{"start":{"line":7,"column":25},"end":{"line":7,"column":54}},"4":{"start":{"line":8,"column":8},"end":{"line":8,"column":39}},"5":{"start":{"line":10,"column":8},"end":{"line":10,"column":55}},"6":{"start":{"line":5,"column":13},"end":{"line":5,"column":30}},"7":{"start":{"line":15,"column":30},"end":{"line":34,"column":1}},"8":{"start":{"line":16,"column":4},"end":{"line":33,"column":5}},"9":{"start":{"line":17,"column":26},"end":{"line":17,"column":47}},"10":{"start":{"line":18,"column":22},"end":{"line":18,"column":38}},"11":{"start":{"line":20,"column":24},"end":{"line":20,"column":63}},"12":{"start":{"line":21,"column":8},"end":{"line":23,"column":9}},"13":{"start":{"line":22,"column":12},"end":{"line":22,"column":72}},"14":{"start":{"line":26,"column":8},"end":{"line":28,"column":9}},"15":{"start":{"line":27,"column":12},"end":{"line":27,"column":68}},"16":{"start":{"line":30,"column":8},"end":{"line":30,"column":38}},"17":{"start":{"line":32,"column":8},"end":{"line":32,"column":55}},"18":{"start":{"line":15,"column":13},"end":{"line":15,"column":30}},"19":{"start":{"line":37,"column":35},"end":{"line":52,"column":1}},"20":{"start":{"line":38,"column":4},"end":{"line":51,"column":5}},"21":{"start":{"line":39,"column":32},"end":{"line":39,"column":57}},"22":{"start":{"line":40,"column":22},"end":{"line":40,"column":38}},"23":{"start":{"line":43,"column":8},"end":{"line":45,"column":9}},"24":{"start":{"line":44,"column":12},"end":{"line":44,"column":68}},"25":{"start":{"line":47,"column":25},"end":{"line":47,"column":74}},"26":{"start":{"line":48,"column":8},"end":{"line":48,"column":39}},"27":{"start":{"line":50,"column":8},"end":{"line":50,"column":55}},"28":{"start":{"line":37,"column":13},"end":{"line":37,"column":35}},"29":{"start":{"line":55,"column":29},"end":{"line":77,"column":1}},"30":{"start":{"line":56,"column":4},"end":{"line":76,"column":5}},"31":{"start":{"line":57,"column":22},"end":{"line":57,"column":38}},"32":{"start":{"line":58,"column":28},"end":{"line":63,"column":10}},"33":{"start":{"line":65,"column":27},"end":{"line":65,"column":67}},"34":{"start":{"line":66,"column":8},"end":{"line":68,"column":9}},"35":{"start":{"line":67,"column":12},"end":{"line":67,"column":78}},"36":{"start":{"line":70,"column":8},"end":{"line":73,"column":11}},"37":{"start":{"line":75,"column":8},"end":{"line":75,"column":55}},"38":{"start":{"line":55,"column":13},"end":{"line":55,"column":29}},"39":{"start":{"line":80,"column":29},"end":{"line":112,"column":1}},"40":{"start":{"line":81,"column":4},"end":{"line":111,"column":5}},"41":{"start":{"line":82,"column":26},"end":{"line":82,"column":47}},"42":{"start":{"line":83,"column":22},"end":{"line":83,"column":38}},"43":{"start":{"line":85,"column":32},"end":{"line":85,"column":71}},"44":{"start":{"line":86,"column":8},"end":{"line":88,"column":9}},"45":{"start":{"line":87,"column":12},"end":{"line":87,"column":72}},"46":{"start":{"line":91,"column":8},"end":{"line":93,"column":9}},"47":{"start":{"line":92,"column":12},"end":{"line":92,"column":68}},"48":{"start":{"line":95,"column":27},"end":{"line":98,"column":10}},"49":{"start":{"line":100,"column":24},"end":{"line":100,"column":74}},"50":{"start":{"line":101,"column":8},"end":{"line":103,"column":9}},"51":{"start":{"line":102,"column":12},"end":{"line":102,"column":72}},"52":{"start":{"line":105,"column":8},"end":{"line":108,"column":11}},"53":{"start":{"line":110,"column":8},"end":{"line":110,"column":55}},"54":{"start":{"line":80,"column":13},"end":{"line":80,"column":29}},"55":{"start":{"line":115,"column":29},"end":{"line":139,"column":1}},"56":{"start":{"line":116,"column":4},"end":{"line":138,"column":5}},"57":{"start":{"line":117,"column":26},"end":{"line":117,"column":47}},"58":{"start":{"line":118,"column":22},"end":{"line":118,"column":38}},"59":{"start":{"line":120,"column":32},"end":{"line":120,"column":71}},"60":{"start":{"line":121,"column":8},"end":{"line":123,"column":9}},"61":{"start":{"line":122,"column":12},"end":{"line":122,"column":72}},"62":{"start":{"line":126,"column":8},"end":{"line":128,"column":9}},"63":{"start":{"line":127,"column":12},"end":{"line":127,"column":68}},"64":{"start":{"line":130,"column":24},"end":{"line":130,"column":62}},"65":{"start":{"line":131,"column":8},"end":{"line":133,"column":9}},"66":{"start":{"line":132,"column":12},"end":{"line":132,"column":72}},"67":{"start":{"line":135,"column":8},"end":{"line":135,"column":74}},"68":{"start":{"line":137,"column":8},"end":{"line":137,"column":55}},"69":{"start":{"line":115,"column":13},"end":{"line":115,"column":29}}},"fnMap":{"0":{"name":"(anonymous_9)","decl":{"start":{"line":5,"column":30},"end":{"line":5,"column":35}},"loc":{"start":{"line":5,"column":68},"end":{"line":12,"column":1}}},"1":{"name":"(anonymous_10)","decl":{"start":{"line":15,"column":30},"end":{"line":15,"column":35}},"loc":{"start":{"line":15,"column":68},"end":{"line":34,"column":1}}},"2":{"name":"(anonymous_11)","decl":{"start":{"line":37,"column":35},"end":{"line":37,"column":40}},"loc":{"start":{"line":37,"column":73},"end":{"line":52,"column":1}}},"3":{"name":"(anonymous_12)","decl":{"start":{"line":55,"column":29},"end":{"line":55,"column":34}},"loc":{"start":{"line":55,"column":67},"end":{"line":77,"column":1}}},"4":{"name":"(anonymous_13)","decl":{"start":{"line":80,"column":29},"end":{"line":80,"column":34}},"loc":{"start":{"line":80,"column":67},"end":{"line":112,"column":1}}},"5":{"name":"(anonymous_14)","decl":{"start":{"line":115,"column":29},"end":{"line":115,"column":34}},"loc":{"start":{"line":115,"column":67},"end":{"line":139,"column":1}}}},"branchMap":{"0":{"loc":{"start":{"line":21,"column":8},"end":{"line":23,"column":9}},"type":"if","locations":[{"start":{"line":21,"column":8},"end":{"line":23,"column":9}},{"start":{},"end":{}}]},"1":{"loc":{"start":{"line":26,"column":8},"end":{"line":28,"column":9}},"type":"if","locations":[{"start":{"line":26,"column":8},"end":{"line":28,"column":9}},{"start":{},"end":{}}]},"2":{"loc":{"start":{"line":26,"column":12},"end":{"line":26,"column":69}},"type":"binary-expr","locations":[{"start":{"line":26,"column":12},"end":{"line":26,"column":33}},{"start":{"line":26,"column":37},"end":{"line":26,"column":69}}]},"3":{"loc":{"start":{"line":43,"column":8},"end":{"line":45,"column":9}},"type":"if","locations":[{"start":{"line":43,"column":8},"end":{"line":45,"column":9}},{"start":{},"end":{}}]},"4":{"loc":{"start":{"line":43,"column":12},"end":{"line":43,"column":69}},"type":"binary-expr","locations":[{"start":{"line":43,"column":12},"end":{"line":43,"column":33}},{"start":{"line":43,"column":37},"end":{"line":43,"column":69}}]},"5":{"loc":{"start":{"line":66,"column":8},"end":{"line":68,"column":9}},"type":"if","locations":[{"start":{"line":66,"column":8},"end":{"line":68,"column":9}},{"start":{},"end":{}}]},"6":{"loc":{"start":{"line":86,"column":8},"end":{"line":88,"column":9}},"type":"if","locations":[{"start":{"line":86,"column":8},"end":{"line":88,"column":9}},{"start":{},"end":{}}]},"7":{"loc":{"start":{"line":91,"column":8},"end":{"line":93,"column":9}},"type":"if","locations":[{"start":{"line":91,"column":8},"end":{"line":93,"column":9}},{"start":{},"end":{}}]},"8":{"loc":{"start":{"line":91,"column":12},"end":{"line":91,"column":77}},"type":"binary-expr","locations":[{"start":{"line":91,"column":12},"end":{"line":91,"column":33}},{"start":{"line":91,"column":37},"end":{"line":91,"column":77}}]},"9":{"loc":{"start":{"line":101,"column":8},"end":{"line":103,"column":9}},"type":"if","locations":[{"start":{"line":101,"column":8},"end":{"line":103,"column":9}},{"start":{},"end":{}}]},"10":{"loc":{"start":{"line":121,"column":8},"end":{"line":123,"column":9}},"type":"if","locations":[{"start":{"line":121,"column":8},"end":{"line":123,"column":9}},{"start":{},"end":{}}]},"11":{"loc":{"start":{"line":126,"column":8},"end":{"line":128,"column":9}},"type":"if","locations":[{"start":{"line":126,"column":8},"end":{"line":128,"column":9}},{"start":{},"end":{}}]},"12":{"loc":{"start":{"line":126,"column":12},"end":{"line":126,"column":77}},"type":"binary-expr","locations":[{"start":{"line":126,"column":12},"end":{"line":126,"column":33}},{"start":{"line":126,"column":37},"end":{"line":126,"column":77}}]},"13":{"loc":{"start":{"line":131,"column":8},"end":{"line":133,"column":9}},"type":"if","locations":[{"start":{"line":131,"column":8},"end":{"line":133,"column":9}},{"start":{},"end":{}}]}},"s":{"0":1,"1":1,"2":2,"3":2,"4":1,"5":1,"6":1,"7":1,"8":3,"9":3,"10":3,"11":3,"12":3,"13":0,"14":3,"15":1,"16":2,"17":0,"18":1,"19":1,"20":2,"21":2,"22":2,"23":2,"24":1,"25":1,"26":1,"27":0,"28":1,"29":1,"30":2,"31":2,"32":2,"33":2,"34":1,"35":0,"36":1,"37":1,"38":1,"39":1,"40":2,"41":2,"42":2,"43":2,"44":2,"45":0,"46":2,"47":1,"48":1,"49":1,"50":1,"51":0,"52":1,"53":0,"54":1,"55":1,"56":2,"57":2,"58":2,"59":2,"60":2,"61":0,"62":2,"63":1,"64":1,"65":1,"66":0,"67":1,"68":0,"69":1},"f":{"0":2,"1":3,"2":2,"3":2,"4":2,"5":2},"b":{"0":[0,3],"1":[1,2],"2":[3,2],"3":[1,1],"4":[2,2],"5":[0,1],"6":[0,2],"7":[1,1],"8":[2,1],"9":[0,1],"10":[0,2],"11":[1,1],"12":[2,1],"13":[0,1]}}
,"C:\\Users\\pc\\Videos\\Event Ticketing System\\backend\\src\\Booking\\booking.service.ts": {"path":"C:\\Users\\pc\\Videos\\Event Ticketing System\\backend\\src\\Booking\\booking.service.ts","statementMap":{"0":{"start":{"line":1,"column":0},"end":{"line":1,"column":31}},"1":{"start":{"line":2,"column":0},"end":{"line":2,"column":50}},"2":{"start":{"line":3,"column":0},"end":{"line":3,"column":33}},"3":{"start":{"line":6,"column":22},"end":{"line":12,"column":1}},"4":{"start":{"line":7,"column":2},"end":{"line":11,"column":3}},"5":{"start":{"line":8,"column":4},"end":{"line":8,"column":49}},"6":{"start":{"line":10,"column":4},"end":{"line":10,"column":66}},"7":{"start":{"line":6,"column":13},"end":{"line":6,"column":22}},"8":{"start":{"line":14,"column":23},"end":{"line":21,"column":1}},"9":{"start":{"line":15,"column":2},"end":{"line":20,"column":3}},"10":{"start":{"line":16,"column":19},"end":{"line":16,"column":96}},"11":{"start":{"line":17,"column":4},"end":{"line":17,"column":21}},"12":{"start":{"line":19,"column":4},"end":{"line":19,"column":71}},"13":{"start":{"line":14,"column":13},"end":{"line":14,"column":23}},"14":{"start":{"line":23,"column":27},"end":{"line":29,"column":1}},"15":{"start":{"line":24,"column":2},"end":{"line":28,"column":3}},"16":{"start":{"line":25,"column":4},"end":{"line":25,"column":90}},"17":{"start":{"line":27,"column":4},"end":{"line":27,"column":77}},"18":{"start":{"line":23,"column":13},"end":{"line":23,"column":27}},"19":{"start":{"line":31,"column":22},"end":{"line":38,"column":1}},"20":{"start":{"line":32,"column":2},"end":{"line":37,"column":3}},"21":{"start":{"line":33,"column":19},"end":{"line":33,"column":74}},"22":{"start":{"line":34,"column":4},"end":{"line":34,"column":21}},"23":{"start":{"line":36,"column":4},"end":{"line":36,"column":66}},"24":{"start":{"line":31,"column":13},"end":{"line":31,"column":22}},"25":{"start":{"line":40,"column":22},"end":{"line":50,"column":1}},"26":{"start":{"line":41,"column":2},"end":{"line":49,"column":3}},"27":{"start":{"line":42,"column":19},"end":{"line":45,"column":18}},"28":{"start":{"line":46,"column":4},"end":{"line":46,"column":21}},"29":{"start":{"line":48,"column":4},"end":{"line":48,"column":66}},"30":{"start":{"line":40,"column":13},"end":{"line":40,"column":22}},"31":{"start":{"line":52,"column":22},"end":{"line":61,"column":1}},"32":{"start":{"line":53,"column":2},"end":{"line":60,"column":3}},"33":{"start":{"line":54,"column":19},"end":{"line":56,"column":18}},"34":{"start":{"line":57,"column":4},"end":{"line":57,"column":29}},"35":{"start":{"line":59,"column":4},"end":{"line":59,"column":66}},"36":{"start":{"line":52,"column":13},"end":{"line":52,"column":22}}},"fnMap":{"0":{"name":"(anonymous_1)","decl":{"start":{"line":6,"column":22},"end":{"line":6,"column":27}},"loc":{"start":{"line":6,"column":55},"end":{"line":12,"column":1}}},"1":{"name":"(anonymous_2)","decl":{"start":{"line":14,"column":23},"end":{"line":14,"column":28}},"loc":{"start":{"line":14,"column":76},"end":{"line":21,"column":1}}},"2":{"name":"(anonymous_3)","decl":{"start":{"line":23,"column":27},"end":{"line":23,"column":32}},"loc":{"start":{"line":23,"column":74},"end":{"line":29,"column":1}}},"3":{"name":"(anonymous_4)","decl":{"start":{"line":31,"column":22},"end":{"line":31,"column":27}},"loc":{"start":{"line":31,"column":80},"end":{"line":38,"column":1}}},"4":{"name":"(anonymous_5)","decl":{"start":{"line":40,"column":22},"end":{"line":40,"column":27}},"loc":{"start":{"line":40,"column":101},"end":{"line":50,"column":1}}},"5":{"name":"(anonymous_6)","decl":{"start":{"line":52,"column":22},"end":{"line":52,"column":27}},"loc":{"start":{"line":52,"column":61},"end":{"line":61,"column":1}}}},"branchMap":{},"s":{"0":2,"1":2,"2":2,"3":2,"4":2,"5":2,"6":1,"7":2,"8":2,"9":2,"10":2,"11":1,"12":1,"13":2,"14":2,"15":0,"16":0,"17":0,"18":2,"19":2,"20":2,"21":2,"22":1,"23":1,"24":2,"25":2,"26":2,"27":2,"28":1,"29":1,"30":2,"31":2,"32":2,"33":2,"34":1,"35":1,"36":2},"f":{"0":2,"1":2,"2":0,"3":2,"4":2,"5":2},"b":{}}
,"C:\\Users\\pc\\Videos\\Event Ticketing System\\backend\\src\\Events\\event.controller.ts": {"path":"C:\\Users\\pc\\Videos\\Event Ticketing System\\backend\\src\\Events\\event.controller.ts","statementMap":{"0":{"start":{"line":2,"column":0},"end":{"line":2,"column":48}},"1":{"start":{"line":5,"column":28},"end":{"line":12,"column":1}},"2":{"start":{"line":6,"column":4},"end":{"line":11,"column":5}},"3":{"start":{"line":7,"column":23},"end":{"line":7,"column":50}},"4":{"start":{"line":8,"column":8},"end":{"line":8,"column":37}},"5":{"start":{"line":10,"column":8},"end":{"line":10,"column":55}},"6":{"start":{"line":5,"column":13},"end":{"line":5,"column":28}},"7":{"start":{"line":15,"column":28},"end":{"line":28,"column":1}},"8":{"start":{"line":16,"column":4},"end":{"line":27,"column":5}},"9":{"start":{"line":17,"column":24},"end":{"line":17,"column":45}},"10":{"start":{"line":18,"column":22},"end":{"line":18,"column":57}},"11":{"start":{"line":20,"column":8},"end":{"line":22,"column":9}},"12":{"start":{"line":21,"column":12},"end":{"line":21,"column":70}},"13":{"start":{"line":24,"column":8},"end":{"line":24,"column":36}},"14":{"start":{"line":26,"column":8},"end":{"line":26,"column":55}},"15":{"start":{"line":15,"column":13},"end":{"line":15,"column":28}},"16":{"start":{"line":31,"column":27},"end":{"line":51,"column":1}},"17":{"start":{"line":32,"column":4},"end":{"line":50,"column":5}},"18":{"start":{"line":33,"column":26},"end":{"line":37,"column":10}},"19":{"start":{"line":39,"column":25},"end":{"line":39,"column":61}},"20":{"start":{"line":40,"column":8},"end":{"line":42,"column":9}},"21":{"start":{"line":41,"column":12},"end":{"line":41,"column":76}},"22":{"start":{"line":44,"column":8},"end":{"line":47,"column":11}},"23":{"start":{"line":49,"column":8},"end":{"line":49,"column":55}},"24":{"start":{"line":31,"column":13},"end":{"line":31,"column":27}},"25":{"start":{"line":54,"column":27},"end":{"line":74,"column":1}},"26":{"start":{"line":55,"column":4},"end":{"line":73,"column":5}},"27":{"start":{"line":56,"column":24},"end":{"line":56,"column":45}},"28":{"start":{"line":57,"column":27},"end":{"line":60,"column":10}},"29":{"start":{"line":62,"column":24},"end":{"line":62,"column":70}},"30":{"start":{"line":63,"column":8},"end":{"line":65,"column":9}},"31":{"start":{"line":64,"column":12},"end":{"line":64,"column":70}},"32":{"start":{"line":67,"column":8},"end":{"line":70,"column":11}},"33":{"start":{"line":72,"column":8},"end":{"line":72,"column":55}},"34":{"start":{"line":54,"column":13},"end":{"line":54,"column":27}},"35":{"start":{"line":77,"column":27},"end":{"line":90,"column":1}},"36":{"start":{"line":78,"column":4},"end":{"line":89,"column":5}},"37":{"start":{"line":79,"column":24},"end":{"line":79,"column":45}},"38":{"start":{"line":80,"column":24},"end":{"line":80,"column":58}},"39":{"start":{"line":82,"column":8},"end":{"line":84,"column":9}},"40":{"start":{"line":83,"column":12},"end":{"line":83,"column":70}},"41":{"start":{"line":86,"column":8},"end":{"line":86,"column":72}},"42":{"start":{"line":88,"column":8},"end":{"line":88,"column":55}},"43":{"start":{"line":77,"column":13},"end":{"line":77,"column":27}}},"fnMap":{"0":{"name":"(anonymous_9)","decl":{"start":{"line":5,"column":28},"end":{"line":5,"column":33}},"loc":{"start":{"line":5,"column":66},"end":{"line":12,"column":1}}},"1":{"name":"(anonymous_10)","decl":{"start":{"line":15,"column":28},"end":{"line":15,"column":33}},"loc":{"start":{"line":15,"column":66},"end":{"line":28,"column":1}}},"2":{"name":"(anonymous_11)","decl":{"start":{"line":31,"column":27},"end":{"line":31,"column":32}},"loc":{"start":{"line":31,"column":65},"end":{"line":51,"column":1}}},"3":{"name":"(anonymous_12)","decl":{"start":{"line":54,"column":27},"end":{"line":54,"column":32}},"loc":{"start":{"line":54,"column":65},"end":{"line":74,"column":1}}},"4":{"name":"(anonymous_13)","decl":{"start":{"line":77,"column":27},"end":{"line":77,"column":32}},"loc":{"start":{"line":77,"column":65},"end":{"line":90,"column":1}}}},"branchMap":{"0":{"loc":{"start":{"line":20,"column":8},"end":{"line":22,"column":9}},"type":"if","locations":[{"start":{"line":20,"column":8},"end":{"line":22,"column":9}},{"start":{},"end":{}}]},"1":{"loc":{"start":{"line":40,"column":8},"end":{"line":42,"column":9}},"type":"if","locations":[{"start":{"line":40,"column":8},"end":{"line":42,"column":9}},{"start":{},"end":{}}]},"2":{"loc":{"start":{"line":63,"column":8},"end":{"line":65,"column":9}},"type":"if","locations":[{"start":{"line":63,"column":8},"end":{"line":65,"column":9}},{"start":{},"end":{}}]},"3":{"loc":{"start":{"line":82,"column":8},"end":{"line":84,"column":9}},"type":"if","locations":[{"start":{"line":82,"column":8},"end":{"line":84,"column":9}},{"start":{},"end":{}}]}},"s":{"0":1,"1":1,"2":2,"3":2,"4":1,"5":1,"6":1,"7":1,"8":3,"9":3,"10":3,"11":2,"12":1,"13":1,"14":1,"15":1,"16":1,"17":3,"18":3,"19":3,"20":2,"21":1,"22":1,"23":1,"24":1,"25":1,"26":3,"27":3,"28":3,"29":3,"30":2,"31":1,"32":1,"33":1,"34":1,"35":1,"36":3,"37":3,"38":3,"39":2,"40":1,"41":1,"42":1,"43":1},"f":{"0":2,"1":3,"2":3,"3":3,"4":3},"b":{"0":[1,1],"1":[1,1],"2":[1,1],"3":[1,1]}}
,"C:\\Users\\pc\\Videos\\Event Ticketing System\\backend\\src\\Events\\event.service.ts": {"path":"C:\\Users\\pc\\Videos\\Event Ticketing System\\backend\\src\\Events\\event.service.ts","statementMap":{"0":{"start":{"line":1,"column":0},"end":{"line":1,"column":31}},"1":{"start":{"line":2,"column":0},"end":{"line":2,"column":48}},"2":{"start":{"line":3,"column":0},"end":{"line":3,"column":33}},"3":{"start":{"line":6,"column":22},"end":{"line":12,"column":1}},"4":{"start":{"line":7,"column":2},"end":{"line":11,"column":3}},"5":{"start":{"line":8,"column":4},"end":{"line":8,"column":47}},"6":{"start":{"line":10,"column":4},"end":{"line":10,"column":64}},"7":{"start":{"line":6,"column":13},"end":{"line":6,"column":22}},"8":{"start":{"line":14,"column":23},"end":{"line":21,"column":1}},"9":{"start":{"line":15,"column":2},"end":{"line":20,"column":3}},"10":{"start":{"line":16,"column":19},"end":{"line":16,"column":90}},"11":{"start":{"line":17,"column":4},"end":{"line":17,"column":21}},"12":{"start":{"line":19,"column":4},"end":{"line":19,"column":69}},"13":{"start":{"line":14,"column":13},"end":{"line":14,"column":23}},"14":{"start":{"line":23,"column":22},"end":{"line":30,"column":1}},"15":{"start":{"line":24,"column":2},"end":{"line":29,"column":3}},"16":{"start":{"line":25,"column":19},"end":{"line":25,"column":72}},"17":{"start":{"line":26,"column":4},"end":{"line":26,"column":21}},"18":{"start":{"line":28,"column":4},"end":{"line":28,"column":64}},"19":{"start":{"line":23,"column":13},"end":{"line":23,"column":22}},"20":{"start":{"line":32,"column":22},"end":{"line":42,"column":1}},"21":{"start":{"line":33,"column":2},"end":{"line":41,"column":3}},"22":{"start":{"line":34,"column":19},"end":{"line":37,"column":18}},"23":{"start":{"line":38,"column":4},"end":{"line":38,"column":21}},"24":{"start":{"line":40,"column":4},"end":{"line":40,"column":64}},"25":{"start":{"line":32,"column":13},"end":{"line":32,"column":22}},"26":{"start":{"line":44,"column":22},"end":{"line":53,"column":1}},"27":{"start":{"line":45,"column":2},"end":{"line":52,"column":3}},"28":{"start":{"line":46,"column":19},"end":{"line":48,"column":18}},"29":{"start":{"line":49,"column":4},"end":{"line":49,"column":29}},"30":{"start":{"line":51,"column":4},"end":{"line":51,"column":64}},"31":{"start":{"line":44,"column":13},"end":{"line":44,"column":22}}},"fnMap":{"0":{"name":"(anonymous_1)","decl":{"start":{"line":6,"column":22},"end":{"line":6,"column":27}},"loc":{"start":{"line":6,"column":53},"end":{"line":12,"column":1}}},"1":{"name":"(anonymous_2)","decl":{"start":{"line":14,"column":23},"end":{"line":14,"column":28}},"loc":{"start":{"line":14,"column":74},"end":{"line":21,"column":1}}},"2":{"name":"(anonymous_3)","decl":{"start":{"line":23,"column":22},"end":{"line":23,"column":27}},"loc":{"start":{"line":23,"column":76},"end":{"line":30,"column":1}}},"3":{"name":"(anonymous_4)","decl":{"start":{"line":32,"column":22},"end":{"line":32,"column":27}},"loc":{"start":{"line":32,"column":97},"end":{"line":42,"column":1}}},"4":{"name":"(anonymous_5)","decl":{"start":{"line":44,"column":22},"end":{"line":44,"column":27}},"loc":{"start":{"line":44,"column":61},"end":{"line":53,"column":1}}}},"branchMap":{},"s":{"0":2,"1":2,"2":2,"3":2,"4":2,"5":2,"6":1,"7":2,"8":2,"9":2,"10":2,"11":1,"12":1,"13":2,"14":2,"15":2,"16":2,"17":1,"18":1,"19":2,"20":2,"21":2,"22":2,"23":1,"24":1,"25":2,"26":2,"27":2,"28":2,"29":1,"30":1,"31":2},"f":{"0":2,"1":2,"2":2,"3":2,"4":2},"b":{}}
,"C:\\Users\\pc\\Videos\\Event Ticketing System\\backend\\src\\Payments\\payment.controller.ts": {"path":"C:\\Users\\pc\\Videos\\Event Ticketing System\\backend\\src\\Payments\\payment.controller.ts","statementMap":{"0":{"start":{"line":2,"column":0},"end":{"line":2,"column":52}},"1":{"start":{"line":5,"column":30},"end":{"line":12,"column":1}},"2":{"start":{"line":6,"column":4},"end":{"line":11,"column":5}},"3":{"start":{"line":7,"column":25},"end":{"line":7,"column":54}},"4":{"start":{"line":8,"column":8},"end":{"line":8,"column":39}},"5":{"start":{"line":10,"column":8},"end":{"line":10,"column":55}},"6":{"start":{"line":5,"column":13},"end":{"line":5,"column":30}},"7":{"start":{"line":15,"column":30},"end":{"line":28,"column":1}},"8":{"start":{"line":16,"column":4},"end":{"line":27,"column":5}},"9":{"start":{"line":17,"column":26},"end":{"line":17,"column":47}},"10":{"start":{"line":18,"column":24},"end":{"line":18,"column":63}},"11":{"start":{"line":20,"column":8},"end":{"line":22,"column":9}},"12":{"start":{"line":21,"column":12},"end":{"line":21,"column":72}},"13":{"start":{"line":24,"column":8},"end":{"line":24,"column":38}},"14":{"start":{"line":26,"column":8},"end":{"line":26,"column":55}},"15":{"start":{"line":15,"column":13},"end":{"line":15,"column":30}},"16":{"start":{"line":31,"column":37},"end":{"line":44,"column":1}},"17":{"start":{"line":32,"column":4},"end":{"line":43,"column":5}},"18":{"start":{"line":33,"column":26},"end":{"line":33,"column":54}},"19":{"start":{"line":34,"column":24},"end":{"line":34,"column":70}},"20":{"start":{"line":36,"column":8},"end":{"line":38,"column":9}},"21":{"start":{"line":37,"column":12},"end":{"line":37,"column":72}},"22":{"start":{"line":40,"column":8},"end":{"line":40,"column":38}},"23":{"start":{"line":42,"column":8},"end":{"line":42,"column":55}},"24":{"start":{"line":31,"column":13},"end":{"line":31,"column":37}},"25":{"start":{"line":47,"column":29},"end":{"line":68,"column":1}},"26":{"start":{"line":48,"column":4},"end":{"line":67,"column":5}},"27":{"start":{"line":49,"column":28},"end":{"line":54,"column":10}},"28":{"start":{"line":56,"column":27},"end":{"line":56,"column":67}},"29":{"start":{"line":57,"column":8},"end":{"line":59,"column":9}},"30":{"start":{"line":58,"column":12},"end":{"line":58,"column":78}},"31":{"start":{"line":61,"column":8},"end":{"line":64,"column":11}},"32":{"start":{"line":66,"column":8},"end":{"line":66,"column":55}},"33":{"start":{"line":47,"column":13},"end":{"line":47,"column":29}},"34":{"start":{"line":71,"column":29},"end":{"line":91,"column":1}},"35":{"start":{"line":72,"column":4},"end":{"line":90,"column":5}},"36":{"start":{"line":73,"column":26},"end":{"line":73,"column":47}},"37":{"start":{"line":74,"column":27},"end":{"line":77,"column":10}},"38":{"start":{"line":79,"column":24},"end":{"line":79,"column":74}},"39":{"start":{"line":80,"column":8},"end":{"line":82,"column":9}},"40":{"start":{"line":81,"column":12},"end":{"line":81,"column":72}},"41":{"start":{"line":84,"column":8},"end":{"line":87,"column":11}},"42":{"start":{"line":89,"column":8},"end":{"line":89,"column":55}},"43":{"start":{"line":71,"column":13},"end":{"line":71,"column":29}},"44":{"start":{"line":94,"column":29},"end":{"line":107,"column":1}},"45":{"start":{"line":95,"column":4},"end":{"line":106,"column":5}},"46":{"start":{"line":96,"column":26},"end":{"line":96,"column":47}},"47":{"start":{"line":97,"column":24},"end":{"line":97,"column":62}},"48":{"start":{"line":99,"column":8},"end":{"line":101,"column":9}},"49":{"start":{"line":100,"column":12},"end":{"line":100,"column":72}},"50":{"start":{"line":103,"column":8},"end":{"line":103,"column":74}},"51":{"start":{"line":105,"column":8},"end":{"line":105,"column":55}},"52":{"start":{"line":94,"column":13},"end":{"line":94,"column":29}}},"fnMap":{"0":{"name":"(anonymous_9)","decl":{"start":{"line":5,"column":30},"end":{"line":5,"column":35}},"loc":{"start":{"line":5,"column":68},"end":{"line":12,"column":1}}},"1":{"name":"(anonymous_10)","decl":{"start":{"line":15,"column":30},"end":{"line":15,"column":35}},"loc":{"start":{"line":15,"column":68},"end":{"line":28,"column":1}}},"2":{"name":"(anonymous_11)","decl":{"start":{"line":31,"column":37},"end":{"line":31,"column":42}},"loc":{"start":{"line":31,"column":75},"end":{"line":44,"column":1}}},"3":{"name":"(anonymous_12)","decl":{"start":{"line":47,"column":29},"end":{"line":47,"column":34}},"loc":{"start":{"line":47,"column":67},"end":{"line":68,"column":1}}},"4":{"name":"(anonymous_13)","decl":{"start":{"line":71,"column":29},"end":{"line":71,"column":34}},"loc":{"start":{"line":71,"column":67},"end":{"line":91,"column":1}}},"5":{"name":"(anonymous_14)","decl":{"start":{"line":94,"column":29},"end":{"line":94,"column":34}},"loc":{"start":{"line":94,"column":67},"end":{"line":107,"column":1}}}},"branchMap":{"0":{"loc":{"start":{"line":20,"column":8},"end":{"line":22,"column":9}},"type":"if","locations":[{"start":{"line":20,"column":8},"end":{"line":22,"column":9}},{"start":{},"end":{}}]},"1":{"loc":{"start":{"line":36,"column":8},"end":{"line":38,"column":9}},"type":"if","locations":[{"start":{"line":36,"column":8},"end":{"line":38,"column":9}},{"start":{},"end":{}}]},"2":{"loc":{"start":{"line":57,"column":8},"end":{"line":59,"column":9}},"type":"if","locations":[{"start":{"line":57,"column":8},"end":{"line":59,"column":9}},{"start":{},"end":{}}]},"3":{"loc":{"start":{"line":80,"column":8},"end":{"line":82,"column":9}},"type":"if","locations":[{"start":{"line":80,"column":8},"end":{"line":82,"column":9}},{"start":{},"end":{}}]},"4":{"loc":{"start":{"line":99,"column":8},"end":{"line":101,"column":9}},"type":"if","locations":[{"start":{"line":99,"column":8},"end":{"line":101,"column":9}},{"start":{},"end":{}}]}},"s":{"0":1,"1":1,"2":3,"3":3,"4":2,"5":1,"6":1,"7":1,"8":4,"9":4,"10":4,"11":3,"12":2,"13":1,"14":1,"15":1,"16":1,"17":3,"18":3,"19":3,"20":2,"21":1,"22":1,"23":1,"24":1,"25":1,"26":3,"27":3,"28":3,"29":2,"30":1,"31":1,"32":1,"33":1,"34":1,"35":3,"36":3,"37":3,"38":3,"39":2,"40":1,"41":1,"42":1,"43":1,"44":1,"45":3,"46":3,"47":3,"48":2,"49":1,"50":1,"51":1,"52":1},"f":{"0":3,"1":4,"2":3,"3":3,"4":3,"5":3},"b":{"0":[2,1],"1":[1,1],"2":[1,1],"3":[1,1],"4":[1,1]}}
,"C:\\Users\\pc\\Videos\\Event Ticketing System\\backend\\src\\Payments\\payment.service.ts": {"path":"C:\\Users\\pc\\Videos\\Event Ticketing System\\backend\\src\\Payments\\payment.service.ts","statementMap":{"0":{"start":{"line":2,"column":0},"end":{"line":2,"column":31}},"1":{"start":{"line":3,"column":0},"end":{"line":3,"column":50}},"2":{"start":{"line":4,"column":0},"end":{"line":4,"column":33}},"3":{"start":{"line":8,"column":22},"end":{"line":14,"column":1}},"4":{"start":{"line":9,"column":2},"end":{"line":13,"column":3}},"5":{"start":{"line":10,"column":4},"end":{"line":10,"column":49}},"6":{"start":{"line":12,"column":4},"end":{"line":12,"column":66}},"7":{"start":{"line":8,"column":13},"end":{"line":8,"column":22}},"8":{"start":{"line":17,"column":23},"end":{"line":24,"column":1}},"9":{"start":{"line":18,"column":2},"end":{"line":23,"column":3}},"10":{"start":{"line":19,"column":19},"end":{"line":19,"column":96}},"11":{"start":{"line":20,"column":4},"end":{"line":20,"column":21}},"12":{"start":{"line":22,"column":4},"end":{"line":22,"column":71}},"13":{"start":{"line":17,"column":13},"end":{"line":17,"column":23}},"14":{"start":{"line":27,"column":30},"end":{"line":34,"column":1}},"15":{"start":{"line":28,"column":2},"end":{"line":33,"column":3}},"16":{"start":{"line":29,"column":19},"end":{"line":29,"column":103}},"17":{"start":{"line":30,"column":4},"end":{"line":30,"column":21}},"18":{"start":{"line":32,"column":4},"end":{"line":32,"column":79}},"19":{"start":{"line":27,"column":13},"end":{"line":27,"column":30}},"20":{"start":{"line":37,"column":22},"end":{"line":44,"column":1}},"21":{"start":{"line":38,"column":2},"end":{"line":43,"column":3}},"22":{"start":{"line":39,"column":19},"end":{"line":39,"column":74}},"23":{"start":{"line":40,"column":4},"end":{"line":40,"column":21}},"24":{"start":{"line":42,"column":4},"end":{"line":42,"column":66}},"25":{"start":{"line":37,"column":13},"end":{"line":37,"column":22}},"26":{"start":{"line":47,"column":22},"end":{"line":57,"column":1}},"27":{"start":{"line":48,"column":2},"end":{"line":56,"column":3}},"28":{"start":{"line":49,"column":19},"end":{"line":52,"column":18}},"29":{"start":{"line":53,"column":4},"end":{"line":53,"column":21}},"30":{"start":{"line":55,"column":4},"end":{"line":55,"column":66}},"31":{"start":{"line":47,"column":13},"end":{"line":47,"column":22}},"32":{"start":{"line":60,"column":22},"end":{"line":69,"column":1}},"33":{"start":{"line":61,"column":2},"end":{"line":68,"column":3}},"34":{"start":{"line":62,"column":19},"end":{"line":64,"column":18}},"35":{"start":{"line":65,"column":4},"end":{"line":65,"column":29}},"36":{"start":{"line":67,"column":4},"end":{"line":67,"column":66}},"37":{"start":{"line":60,"column":13},"end":{"line":60,"column":22}}},"fnMap":{"0":{"name":"(anonymous_1)","decl":{"start":{"line":8,"column":22},"end":{"line":8,"column":27}},"loc":{"start":{"line":8,"column":55},"end":{"line":14,"column":1}}},"1":{"name":"(anonymous_2)","decl":{"start":{"line":17,"column":23},"end":{"line":17,"column":28}},"loc":{"start":{"line":17,"column":76},"end":{"line":24,"column":1}}},"2":{"name":"(anonymous_3)","decl":{"start":{"line":27,"column":30},"end":{"line":27,"column":35}},"loc":{"start":{"line":27,"column":90},"end":{"line":34,"column":1}}},"3":{"name":"(anonymous_4)","decl":{"start":{"line":37,"column":22},"end":{"line":37,"column":27}},"loc":{"start":{"line":37,"column":80},"end":{"line":44,"column":1}}},"4":{"name":"(anonymous_5)","decl":{"start":{"line":47,"column":22},"end":{"line":47,"column":27}},"loc":{"start":{"line":47,"column":101},"end":{"line":57,"column":1}}},"5":{"name":"(anonymous_6)","decl":{"start":{"line":60,"column":22},"end":{"line":60,"column":27}},"loc":{"start":{"line":60,"column":61},"end":{"line":69,"column":1}}}},"branchMap":{},"s":{"0":2,"1":2,"2":2,"3":2,"4":2,"5":2,"6":1,"7":2,"8":2,"9":2,"10":2,"11":1,"12":1,"13":2,"14":2,"15":2,"16":2,"17":1,"18":1,"19":2,"20":2,"21":2,"22":2,"23":1,"24":1,"25":2,"26":2,"27":2,"28":2,"29":1,"30":1,"31":2,"32":2,"33":2,"34":2,"35":1,"36":1,"37":2},"f":{"0":2,"1":2,"2":2,"3":2,"4":2,"5":2},"b":{}}
,"C:\\Users\\pc\\Videos\\Event Ticketing System\\backend\\src\\Supportticket\\support-ticket.controller.ts": {"path":"C:\\Users\\pc\\Videos\\Event Ticketing System\\backend\\src\\Supportticket\\support-ticket.controller.ts","statementMap":{"0":{"start":{"line":2,"column":0},"end":{"line":2,"column":65}},"1":{"start":{"line":5,"column":36},"end":{"line":12,"column":1}},"2":{"start":{"line":6,"column":4},"end":{"line":11,"column":5}},"3":{"start":{"line":7,"column":24},"end":{"line":7,"column":59}},"4":{"start":{"line":8,"column":8},"end":{"line":8,"column":38}},"5":{"start":{"line":10,"column":8},"end":{"line":10,"column":55}},"6":{"start":{"line":5,"column":13},"end":{"line":5,"column":36}},"7":{"start":{"line":15,"column":36},"end":{"line":34,"column":1}},"8":{"start":{"line":16,"column":4},"end":{"line":33,"column":5}},"9":{"start":{"line":17,"column":25},"end":{"line":17,"column":46}},"10":{"start":{"line":18,"column":22},"end":{"line":18,"column":38}},"11":{"start":{"line":20,"column":23},"end":{"line":20,"column":67}},"12":{"start":{"line":21,"column":8},"end":{"line":23,"column":9}},"13":{"start":{"line":22,"column":12},"end":{"line":22,"column":79}},"14":{"start":{"line":26,"column":8},"end":{"line":28,"column":9}},"15":{"start":{"line":27,"column":12},"end":{"line":27,"column":68}},"16":{"start":{"line":30,"column":8},"end":{"line":30,"column":37}},"17":{"start":{"line":32,"column":8},"end":{"line":32,"column":55}},"18":{"start":{"line":15,"column":13},"end":{"line":15,"column":36}},"19":{"start":{"line":37,"column":41},"end":{"line":52,"column":1}},"20":{"start":{"line":38,"column":4},"end":{"line":51,"column":5}},"21":{"start":{"line":39,"column":32},"end":{"line":39,"column":57}},"22":{"start":{"line":40,"column":22},"end":{"line":40,"column":38}},"23":{"start":{"line":43,"column":8},"end":{"line":45,"column":9}},"24":{"start":{"line":44,"column":12},"end":{"line":44,"column":68}},"25":{"start":{"line":47,"column":24},"end":{"line":47,"column":79}},"26":{"start":{"line":48,"column":8},"end":{"line":48,"column":38}},"27":{"start":{"line":50,"column":8},"end":{"line":50,"column":55}},"28":{"start":{"line":37,"column":13},"end":{"line":37,"column":41}},"29":{"start":{"line":55,"column":35},"end":{"line":77,"column":1}},"30":{"start":{"line":56,"column":4},"end":{"line":76,"column":5}},"31":{"start":{"line":57,"column":22},"end":{"line":57,"column":38}},"32":{"start":{"line":58,"column":27},"end":{"line":63,"column":10}},"33":{"start":{"line":65,"column":26},"end":{"line":65,"column":71}},"34":{"start":{"line":66,"column":8},"end":{"line":68,"column":9}},"35":{"start":{"line":67,"column":12},"end":{"line":67,"column":85}},"36":{"start":{"line":70,"column":8},"end":{"line":73,"column":11}},"37":{"start":{"line":75,"column":8},"end":{"line":75,"column":55}},"38":{"start":{"line":55,"column":13},"end":{"line":55,"column":35}},"39":{"start":{"line":80,"column":35},"end":{"line":117,"column":1}},"40":{"start":{"line":81,"column":4},"end":{"line":116,"column":5}},"41":{"start":{"line":82,"column":25},"end":{"line":82,"column":46}},"42":{"start":{"line":83,"column":22},"end":{"line":83,"column":38}},"43":{"start":{"line":85,"column":31},"end":{"line":85,"column":75}},"44":{"start":{"line":86,"column":8},"end":{"line":88,"column":9}},"45":{"start":{"line":87,"column":12},"end":{"line":87,"column":79}},"46":{"start":{"line":91,"column":8},"end":{"line":93,"column":9}},"47":{"start":{"line":92,"column":12},"end":{"line":92,"column":68}},"48":{"start":{"line":95,"column":27},"end":{"line":98,"column":10}},"49":{"start":{"line":101,"column":8},"end":{"line":103,"column":9}},"50":{"start":{"line":102,"column":12},"end":{"line":102,"column":37}},"51":{"start":{"line":105,"column":24},"end":{"line":105,"column":79}},"52":{"start":{"line":106,"column":8},"end":{"line":108,"column":9}},"53":{"start":{"line":107,"column":12},"end":{"line":107,"column":79}},"54":{"start":{"line":110,"column":8},"end":{"line":113,"column":11}},"55":{"start":{"line":115,"column":8},"end":{"line":115,"column":55}},"56":{"start":{"line":80,"column":13},"end":{"line":80,"column":35}},"57":{"start":{"line":120,"column":35},"end":{"line":144,"column":1}},"58":{"start":{"line":121,"column":4},"end":{"line":143,"column":5}},"59":{"start":{"line":122,"column":25},"end":{"line":122,"column":46}},"60":{"start":{"line":123,"column":22},"end":{"line":123,"column":38}},"61":{"start":{"line":125,"column":31},"end":{"line":125,"column":75}},"62":{"start":{"line":126,"column":8},"end":{"line":128,"column":9}},"63":{"start":{"line":127,"column":12},"end":{"line":127,"column":79}},"64":{"start":{"line":131,"column":8},"end":{"line":133,"column":9}},"65":{"start":{"line":132,"column":12},"end":{"line":132,"column":68}},"66":{"start":{"line":135,"column":24},"end":{"line":135,"column":67}},"67":{"start":{"line":136,"column":8},"end":{"line":138,"column":9}},"68":{"start":{"line":137,"column":12},"end":{"line":137,"column":79}},"69":{"start":{"line":140,"column":8},"end":{"line":140,"column":81}},"70":{"start":{"line":142,"column":8},"end":{"line":142,"column":55}},"71":{"start":{"line":120,"column":13},"end":{"line":120,"column":35}}},"fnMap":{"0":{"name":"(anonymous_9)","decl":{"start":{"line":5,"column":36},"end":{"line":5,"column":41}},"loc":{"start":{"line":5,"column":74},"end":{"line":12,"column":1}}},"1":{"name":"(anonymous_10)","decl":{"start":{"line":15,"column":36},"end":{"line":15,"column":41}},"loc":{"start":{"line":15,"column":74},"end":{"line":34,"column":1}}},"2":{"name":"(anonymous_11)","decl":{"start":{"line":37,"column":41},"end":{"line":37,"column":46}},"loc":{"start":{"line":37,"column":79},"end":{"line":52,"column":1}}},"3":{"name":"(anonymous_12)","decl":{"start":{"line":55,"column":35},"end":{"line":55,"column":40}},"loc":{"start":{"line":55,"column":73},"end":{"line":77,"column":1}}},"4":{"name":"(anonymous_13)","decl":{"start":{"line":80,"column":35},"end":{"line":80,"column":40}},"loc":{"start":{"line":80,"column":73},"end":{"line":117,"column":1}}},"5":{"name":"(anonymous_14)","decl":{"start":{"line":120,"column":35},"end":{"line":120,"column":40}},"loc":{"start":{"line":120,"column":73},"end":{"line":144,"column":1}}}},"branchMap":{"0":{"loc":{"start":{"line":21,"column":8},"end":{"line":23,"column":9}},"type":"if","locations":[{"start":{"line":21,"column":8},"end":{"line":23,"column":9}},{"start":{},"end":{}}]},"1":{"loc":{"start":{"line":26,"column":8},"end":{"line":28,"column":9}},"type":"if","locations":[{"start":{"line":26,"column":8},"end":{"line":28,"column":9}},{"start":{},"end":{}}]},"2":{"loc":{"start":{"line":26,"column":12},"end":{"line":26,"column":68}},"type":"binary-expr","locations":[{"start":{"line":26,"column":12},"end":{"line":26,"column":33}},{"start":{"line":26,"column":37},"end":{"line":26,"column":68}}]},"3":{"loc":{"start":{"line":43,"column":8},"end":{"line":45,"column":9}},"type":"if","locations":[{"start":{"line":43,"column":8},"end":{"line":45,"column":9}},{"start":{},"end":{}}]},"4":{"loc":{"start":{"line":43,"column":12},"end":{"line":43,"column":69}},"type":"binary-expr","locations":[{"start":{"line":43,"column":12},"end":{"line":43,"column":33}},{"start":{"line":43,"column":37},"end":{"line":43,"column":69}}]},"5":{"loc":{"start":{"line":66,"column":8},"end":{"line":68,"column":9}},"type":"if","locations":[{"start":{"line":66,"column":8},"end":{"line":68,"column":9}},{"start":{},"end":{}}]},"6":{"loc":{"start":{"line":86,"column":8},"end":{"line":88,"column":9}},"type":"if","locations":[{"start":{"line":86,"column":8},"end":{"line":88,"column":9}},{"start":{},"end":{}}]},"7":{"loc":{"start":{"line":91,"column":8},"end":{"line":93,"column":9}},"type":"if","locations":[{"start":{"line":91,"column":8},"end":{"line":93,"column":9}},{"start":{},"end":{}}]},"8":{"loc":{"start":{"line":91,"column":12},"end":{"line":91,"column":76}},"type":"binary-expr","locations":[{"start":{"line":91,"column":12},"end":{"line":91,"column":33}},{"start":{"line":91,"column":37},"end":{"line":91,"column":76}}]},"9":{"loc":{"start":{"line":101,"column":8},"end":{"line":103,"column":9}},"type":"if","locations":[{"start":{"line":101,"column":8},"end":{"line":103,"column":9}},{"start":{},"end":{}}]},"10":{"loc":{"start":{"line":106,"column":8},"end":{"line":108,"column":9}},"type":"if","locations":[{"start":{"line":106,"column":8},"end":{"line":108,"column":9}},{"start":{},"end":{}}]},"11":{"loc":{"start":{"line":126,"column":8},"end":{"line":128,"column":9}},"type":"if","locations":[{"start":{"line":126,"column":8},"end":{"line":128,"column":9}},{"start":{},"end":{}}]},"12":{"loc":{"start":{"line":131,"column":8},"end":{"line":133,"column":9}},"type":"if","locations":[{"start":{"line":131,"column":8},"end":{"line":133,"column":9}},{"start":{},"end":{}}]},"13":{"loc":{"start":{"line":131,"column":12},"end":{"line":131,"column":76}},"type":"binary-expr","locations":[{"start":{"line":131,"column":12},"end":{"line":131,"column":33}},{"start":{"line":131,"column":37},"end":{"line":131,"column":76}}]},"14":{"loc":{"start":{"line":136,"column":8},"end":{"line":138,"column":9}},"type":"if","locations":[{"start":{"line":136,"column":8},"end":{"line":138,"column":9}},{"start":{},"end":{}}]}},"s":{"0":1,"1":1,"2":3,"3":3,"4":2,"5":1,"6":1,"7":1,"8":5,"9":5,"10":5,"11":5,"12":4,"13":1,"14":3,"15":1,"16":2,"17":1,"18":1,"19":1,"20":4,"21":4,"22":4,"23":4,"24":1,"25":3,"26":2,"27":1,"28":1,"29":1,"30":4,"31":4,"32":4,"33":4,"34":3,"35":1,"36":2,"37":1,"38":1,"39":1,"40":6,"41":6,"42":6,"43":6,"44":6,"45":1,"46":5,"47":1,"48":4,"49":4,"50":1,"51":4,"52":3,"53":1,"54":2,"55":1,"56":1,"57":1,"58":6,"59":6,"60":6,"61":6,"62":6,"63":1,"64":5,"65":1,"66":4,"67":3,"68":1,"69":2,"70":1,"71":1},"f":{"0":3,"1":5,"2":4,"3":4,"4":6,"5":6},"b":{"0":[1,3],"1":[1,2],"2":[3,2],"3":[1,3],"4":[4,2],"5":[1,2],"6":[1,5],"7":[1,4],"8":[5,2],"9":[1,3],"10":[1,2],"11":[1,5],"12":[1,4],"13":[5,2],"14":[1,2]}}
,"C:\\Users\\pc\\Videos\\Event Ticketing System\\backend\\src\\Supportticket\\support-ticket.service.ts": {"path":"C:\\Users\\pc\\Videos\\Event Ticketing System\\backend\\src\\Supportticket\\support-ticket.service.ts","statementMap":{"0":{"start":{"line":1,"column":0},"end":{"line":1,"column":31}},"1":{"start":{"line":2,"column":0},"end":{"line":2,"column":56}},"2":{"start":{"line":3,"column":0},"end":{"line":3,"column":33}},"3":{"start":{"line":6,"column":22},"end":{"line":12,"column":1}},"4":{"start":{"line":7,"column":4},"end":{"line":11,"column":5}},"5":{"start":{"line":8,"column":8},"end":{"line":8,"column":59}},"6":{"start":{"line":10,"column":8},"end":{"line":10,"column":77}},"7":{"start":{"line":6,"column":13},"end":{"line":6,"column":22}},"8":{"start":{"line":14,"column":23},"end":{"line":23,"column":1}},"9":{"start":{"line":15,"column":4},"end":{"line":22,"column":5}},"10":{"start":{"line":16,"column":23},"end":{"line":18,"column":57}},"11":{"start":{"line":19,"column":8},"end":{"line":19,"column":25}},"12":{"start":{"line":21,"column":8},"end":{"line":21,"column":82}},"13":{"start":{"line":14,"column":13},"end":{"line":14,"column":23}},"14":{"start":{"line":25,"column":27},"end":{"line":33,"column":1}},"15":{"start":{"line":26,"column":4},"end":{"line":32,"column":5}},"16":{"start":{"line":27,"column":8},"end":{"line":29,"column":60}},"17":{"start":{"line":31,"column":8},"end":{"line":31,"column":88}},"18":{"start":{"line":25,"column":13},"end":{"line":25,"column":27}},"19":{"start":{"line":35,"column":22},"end":{"line":44,"column":1}},"20":{"start":{"line":36,"column":4},"end":{"line":43,"column":5}},"21":{"start":{"line":37,"column":23},"end":{"line":39,"column":24}},"22":{"start":{"line":40,"column":8},"end":{"line":40,"column":25}},"23":{"start":{"line":42,"column":8},"end":{"line":42,"column":77}},"24":{"start":{"line":35,"column":13},"end":{"line":35,"column":22}},"25":{"start":{"line":46,"column":22},"end":{"line":56,"column":1}},"26":{"start":{"line":47,"column":4},"end":{"line":55,"column":5}},"27":{"start":{"line":48,"column":23},"end":{"line":51,"column":24}},"28":{"start":{"line":52,"column":8},"end":{"line":52,"column":25}},"29":{"start":{"line":54,"column":8},"end":{"line":54,"column":77}},"30":{"start":{"line":46,"column":13},"end":{"line":46,"column":22}},"31":{"start":{"line":58,"column":22},"end":{"line":67,"column":1}},"32":{"start":{"line":59,"column":4},"end":{"line":66,"column":5}},"33":{"start":{"line":60,"column":23},"end":{"line":62,"column":24}},"34":{"start":{"line":63,"column":8},"end":{"line":63,"column":33}},"35":{"start":{"line":65,"column":8},"end":{"line":65,"column":77}},"36":{"start":{"line":58,"column":13},"end":{"line":58,"column":22}}},"fnMap":{"0":{"name":"(anonymous_1)","decl":{"start":{"line":6,"column":22},"end":{"line":6,"column":27}},"loc":{"start":{"line":6,"column":61},"end":{"line":12,"column":1}}},"1":{"name":"(anonymous_2)","decl":{"start":{"line":14,"column":23},"end":{"line":14,"column":28}},"loc":{"start":{"line":14,"column":82},"end":{"line":23,"column":1}}},"2":{"name":"(anonymous_3)","decl":{"start":{"line":25,"column":27},"end":{"line":25,"column":32}},"loc":{"start":{"line":25,"column":80},"end":{"line":33,"column":1}}},"3":{"name":"(anonymous_4)","decl":{"start":{"line":35,"column":22},"end":{"line":35,"column":27}},"loc":{"start":{"line":35,"column":92},"end":{"line":44,"column":1}}},"4":{"name":"(anonymous_5)","decl":{"start":{"line":46,"column":22},"end":{"line":46,"column":27}},"loc":{"start":{"line":46,"column":113},"end":{"line":56,"column":1}}},"5":{"name":"(anonymous_6)","decl":{"start":{"line":58,"column":22},"end":{"line":58,"column":27}},"loc":{"start":{"line":58,"column":61},"end":{"line":67,"column":1}}}},"branchMap":{},"s":{"0":2,"1":2,"2":2,"3":2,"4":2,"5":2,"6":1,"7":2,"8":2,"9":2,"10":2,"11":1,"12":1,"13":2,"14":2,"15":1,"16":1,"17":0,"18":2,"19":2,"20":2,"21":2,"22":1,"23":1,"24":2,"25":2,"26":2,"27":2,"28":1,"29":1,"30":2,"31":2,"32":2,"33":2,"34":1,"35":1,"36":2},"f":{"0":2,"1":2,"2":1,"3":2,"4":2,"5":2},"b":{}}
,"C:\\Users\\pc\\Videos\\Event Ticketing System\\backend\\src\\User\\user.controller.ts": {"path":"C:\\Users\\pc\\Videos\\Event Ticketing System\\backend\\src\\User\\user.controller.ts","statementMap":{"0":{"start":{"line":1,"column":0},"end":{"line":1,"column":30}},"1":{"start":{"line":3,"column":0},"end":{"line":3,"column":46}},"2":{"start":{"line":4,"column":0},"end":{"line":4,"column":31}},"3":{"start":{"line":5,"column":0},"end":{"line":5,"column":82}},"4":{"start":{"line":32,"column":27},"end":{"line":39,"column":1}},"5":{"start":{"line":33,"column":4},"end":{"line":38,"column":5}},"6":{"start":{"line":34,"column":22},"end":{"line":34,"column":48}},"7":{"start":{"line":35,"column":8},"end":{"line":35,"column":36}},"8":{"start":{"line":37,"column":8},"end":{"line":37,"column":55}},"9":{"start":{"line":32,"column":13},"end":{"line":32,"column":27}},"10":{"start":{"line":42,"column":27},"end":{"line":63,"column":1}},"11":{"start":{"line":43,"column":4},"end":{"line":62,"column":5}},"12":{"start":{"line":44,"column":28},"end":{"line":44,"column":49}},"13":{"start":{"line":45,"column":22},"end":{"line":45,"column":38}},"14":{"start":{"line":48,"column":8},"end":{"line":50,"column":9}},"15":{"start":{"line":49,"column":12},"end":{"line":49,"column":68}},"16":{"start":{"line":52,"column":26},"end":{"line":52,"column":64}},"17":{"start":{"line":53,"column":8},"end":{"line":55,"column":9}},"18":{"start":{"line":54,"column":12},"end":{"line":54,"column":69}},"19":{"start":{"line":58,"column":42},"end":{"line":58,"column":51}},"20":{"start":{"line":59,"column":8},"end":{"line":59,"column":39}},"21":{"start":{"line":61,"column":8},"end":{"line":61,"column":55}},"22":{"start":{"line":42,"column":13},"end":{"line":42,"column":27}},"23":{"start":{"line":66,"column":26},"end":{"line":115,"column":1}},"24":{"start":{"line":67,"column":4},"end":{"line":114,"column":5}},"25":{"start":{"line":68,"column":42},"end":{"line":68,"column":50}},"26":{"start":{"line":70,"column":8},"end":{"line":72,"column":9}},"27":{"start":{"line":71,"column":12},"end":{"line":71,"column":75}},"28":{"start":{"line":75,"column":33},"end":{"line":75,"column":87}},"29":{"start":{"line":78,"column":31},"end":{"line":78,"column":60}},"30":{"start":{"line":79,"column":28},"end":{"line":85,"column":10}},"31":{"start":{"line":87,"column":24},"end":{"line":87,"column":61}},"32":{"start":{"line":88,"column":8},"end":{"line":90,"column":9}},"33":{"start":{"line":89,"column":12},"end":{"line":89,"column":79}},"34":{"start":{"line":93,"column":25},"end":{"line":93,"column":69}},"35":{"start":{"line":94,"column":8},"end":{"line":96,"column":89}},"36":{"start":{"line":95,"column":24},"end":{"line":95,"column":82}},"37":{"start":{"line":96,"column":26},"end":{"line":96,"column":87}},"38":{"start":{"line":98,"column":8},"end":{"line":108,"column":11}},"39":{"start":{"line":110,"column":8},"end":{"line":112,"column":9}},"40":{"start":{"line":111,"column":12},"end":{"line":111,"column":79}},"41":{"start":{"line":113,"column":8},"end":{"line":113,"column":55}},"42":{"start":{"line":66,"column":13},"end":{"line":66,"column":26}},"43":{"start":{"line":118,"column":27},"end":{"line":167,"column":1}},"44":{"start":{"line":119,"column":4},"end":{"line":166,"column":5}},"45":{"start":{"line":120,"column":44},"end":{"line":120,"column":52}},"46":{"start":{"line":122,"column":8},"end":{"line":124,"column":9}},"47":{"start":{"line":123,"column":12},"end":{"line":123,"column":95}},"48":{"start":{"line":126,"column":21},"end":{"line":126,"column":56}},"49":{"start":{"line":127,"column":8},"end":{"line":129,"column":9}},"50":{"start":{"line":128,"column":12},"end":{"line":128,"column":69}},"51":{"start":{"line":131,"column":8},"end":{"line":133,"column":9}},"52":{"start":{"line":132,"column":12},"end":{"line":132,"column":77}},"53":{"start":{"line":135,"column":8},"end":{"line":137,"column":9}},"54":{"start":{"line":136,"column":12},"end":{"line":136,"column":80}},"55":{"start":{"line":140,"column":24},"end":{"line":143,"column":10}},"56":{"start":{"line":145,"column":8},"end":{"line":151,"column":9}},"57":{"start":{"line":147,"column":29},"end":{"line":147,"column":67}},"58":{"start":{"line":148,"column":12},"end":{"line":150,"column":88}},"59":{"start":{"line":149,"column":28},"end":{"line":149,"column":78}},"60":{"start":{"line":150,"column":30},"end":{"line":150,"column":86}},"61":{"start":{"line":153,"column":8},"end":{"line":163,"column":11}},"62":{"start":{"line":165,"column":8},"end":{"line":165,"column":55}},"63":{"start":{"line":118,"column":13},"end":{"line":118,"column":27}},"64":{"start":{"line":170,"column":27},"end":{"line":215,"column":1}},"65":{"start":{"line":171,"column":4},"end":{"line":214,"column":5}},"66":{"start":{"line":172,"column":43},"end":{"line":172,"column":51}},"67":{"start":{"line":174,"column":8},"end":{"line":176,"column":9}},"68":{"start":{"line":175,"column":12},"end":{"line":175,"column":75}},"69":{"start":{"line":179,"column":31},"end":{"line":179,"column":60}},"70":{"start":{"line":180,"column":29},"end":{"line":185,"column":10}},"71":{"start":{"line":187,"column":25},"end":{"line":187,"column":63}},"72":{"start":{"line":188,"column":8},"end":{"line":190,"column":9}},"73":{"start":{"line":189,"column":12},"end":{"line":189,"column":76}},"74":{"start":{"line":193,"column":26},"end":{"line":193,"column":72}},"75":{"start":{"line":194,"column":8},"end":{"line":196,"column":82}},"76":{"start":{"line":195,"column":24},"end":{"line":195,"column":84}},"77":{"start":{"line":196,"column":26},"end":{"line":196,"column":80}},"78":{"start":{"line":198,"column":8},"end":{"line":208,"column":11}},"79":{"start":{"line":210,"column":8},"end":{"line":212,"column":9}},"80":{"start":{"line":211,"column":12},"end":{"line":211,"column":79}},"81":{"start":{"line":213,"column":8},"end":{"line":213,"column":55}},"82":{"start":{"line":170,"column":13},"end":{"line":170,"column":27}},"83":{"start":{"line":218,"column":25},"end":{"line":280,"column":1}},"84":{"start":{"line":219,"column":4},"end":{"line":279,"column":5}},"85":{"start":{"line":220,"column":36},"end":{"line":220,"column":44}},"86":{"start":{"line":222,"column":8},"end":{"line":224,"column":9}},"87":{"start":{"line":223,"column":12},"end":{"line":223,"column":86}},"88":{"start":{"line":227,"column":21},"end":{"line":227,"column":56}},"89":{"start":{"line":228,"column":8},"end":{"line":230,"column":9}},"90":{"start":{"line":229,"column":12},"end":{"line":229,"column":80}},"91":{"start":{"line":233,"column":8},"end":{"line":235,"column":9}},"92":{"start":{"line":234,"column":12},"end":{"line":234,"column":97}},"93":{"start":{"line":238,"column":30},"end":{"line":238,"column":83}},"94":{"start":{"line":239,"column":8},"end":{"line":241,"column":9}},"95":{"start":{"line":240,"column":12},"end":{"line":240,"column":80}},"96":{"start":{"line":244,"column":23},"end":{"line":244,"column":45}},"97":{"start":{"line":245,"column":8},"end":{"line":247,"column":9}},"98":{"start":{"line":246,"column":12},"end":{"line":246,"column":57}},"99":{"start":{"line":249,"column":24},"end":{"line":257,"column":10}},"100":{"start":{"line":259,"column":22},"end":{"line":259,"column":47}},"101":{"start":{"line":261,"column":32},"end":{"line":261,"column":106}},"102":{"start":{"line":262,"column":24},"end":{"line":262,"column":64}},"103":{"start":{"line":264,"column":8},"end":{"line":275,"column":11}},"104":{"start":{"line":278,"column":8},"end":{"line":278,"column":55}},"105":{"start":{"line":218,"column":13},"end":{"line":218,"column":25}},"106":{"start":{"line":283,"column":13},"end":{"line":283,"column":39}},"107":{"start":{"line":286,"column":26},"end":{"line":326,"column":1}},"108":{"start":{"line":287,"column":4},"end":{"line":325,"column":5}},"109":{"start":{"line":288,"column":23},"end":{"line":288,"column":44}},"110":{"start":{"line":289,"column":22},"end":{"line":289,"column":38}},"111":{"start":{"line":290,"column":27},"end":{"line":290,"column":42}},"112":{"start":{"line":293,"column":8},"end":{"line":295,"column":9}},"113":{"start":{"line":294,"column":12},"end":{"line":294,"column":68}},"114":{"start":{"line":298,"column":8},"end":{"line":300,"column":9}},"115":{"start":{"line":299,"column":12},"end":{"line":299,"column":75}},"116":{"start":{"line":303,"column":8},"end":{"line":307,"column":9}},"117":{"start":{"line":304,"column":12},"end":{"line":304,"column":35}},"118":{"start":{"line":305,"column":12},"end":{"line":305,"column":42}},"119":{"start":{"line":306,"column":12},"end":{"line":306,"column":48}},"120":{"start":{"line":309,"column":24},"end":{"line":309,"column":68}},"121":{"start":{"line":310,"column":8},"end":{"line":312,"column":9}},"122":{"start":{"line":311,"column":12},"end":{"line":311,"column":69}},"123":{"start":{"line":315,"column":42},"end":{"line":315,"column":49}},"124":{"start":{"line":316,"column":8},"end":{"line":319,"column":11}},"125":{"start":{"line":321,"column":8},"end":{"line":323,"column":9}},"126":{"start":{"line":322,"column":12},"end":{"line":322,"column":75}},"127":{"start":{"line":324,"column":8},"end":{"line":324,"column":55}},"128":{"start":{"line":286,"column":13},"end":{"line":286,"column":26}},"129":{"start":{"line":329,"column":26},"end":{"line":342,"column":1}},"130":{"start":{"line":330,"column":4},"end":{"line":341,"column":5}},"131":{"start":{"line":331,"column":23},"end":{"line":331,"column":44}},"132":{"start":{"line":332,"column":24},"end":{"line":332,"column":56}},"133":{"start":{"line":334,"column":8},"end":{"line":336,"column":9}},"134":{"start":{"line":335,"column":12},"end":{"line":335,"column":69}},"135":{"start":{"line":338,"column":8},"end":{"line":338,"column":71}},"136":{"start":{"line":340,"column":8},"end":{"line":340,"column":55}},"137":{"start":{"line":329,"column":13},"end":{"line":329,"column":26}}},"fnMap":{"0":{"name":"(anonymous_10)","decl":{"start":{"line":32,"column":27},"end":{"line":32,"column":32}},"loc":{"start":{"line":32,"column":65},"end":{"line":39,"column":1}}},"1":{"name":"(anonymous_11)","decl":{"start":{"line":42,"column":27},"end":{"line":42,"column":32}},"loc":{"start":{"line":42,"column":65},"end":{"line":63,"column":1}}},"2":{"name":"(anonymous_12)","decl":{"start":{"line":66,"column":26},"end":{"line":66,"column":31}},"loc":{"start":{"line":66,"column":64},"end":{"line":115,"column":1}}},"3":{"name":"(anonymous_13)","decl":{"start":{"line":95,"column":18},"end":{"line":95,"column":21}},"loc":{"start":{"line":95,"column":24},"end":{"line":95,"column":82}}},"4":{"name":"(anonymous_14)","decl":{"start":{"line":96,"column":19},"end":{"line":96,"column":22}},"loc":{"start":{"line":96,"column":26},"end":{"line":96,"column":87}}},"5":{"name":"(anonymous_15)","decl":{"start":{"line":118,"column":27},"end":{"line":118,"column":32}},"loc":{"start":{"line":118,"column":65},"end":{"line":167,"column":1}}},"6":{"name":"(anonymous_16)","decl":{"start":{"line":149,"column":22},"end":{"line":149,"column":25}},"loc":{"start":{"line":149,"column":28},"end":{"line":149,"column":78}}},"7":{"name":"(anonymous_17)","decl":{"start":{"line":150,"column":23},"end":{"line":150,"column":26}},"loc":{"start":{"line":150,"column":30},"end":{"line":150,"column":86}}},"8":{"name":"(anonymous_18)","decl":{"start":{"line":170,"column":27},"end":{"line":170,"column":32}},"loc":{"start":{"line":170,"column":65},"end":{"line":215,"column":1}}},"9":{"name":"(anonymous_19)","decl":{"start":{"line":195,"column":18},"end":{"line":195,"column":21}},"loc":{"start":{"line":195,"column":24},"end":{"line":195,"column":84}}},"10":{"name":"(anonymous_20)","decl":{"start":{"line":196,"column":19},"end":{"line":196,"column":22}},"loc":{"start":{"line":196,"column":26},"end":{"line":196,"column":80}}},"11":{"name":"(anonymous_21)","decl":{"start":{"line":218,"column":25},"end":{"line":218,"column":30}},"loc":{"start":{"line":218,"column":63},"end":{"line":280,"column":1}}},"12":{"name":"(anonymous_22)","decl":{"start":{"line":286,"column":26},"end":{"line":286,"column":31}},"loc":{"start":{"line":286,"column":64},"end":{"line":326,"column":1}}},"13":{"name":"(anonymous_23)","decl":{"start":{"line":329,"column":26},"end":{"line":329,"column":31}},"loc":{"start":{"line":329,"column":64},"end":{"line":342,"column":1}}}},"branchMap":{"0":{"loc":{"start":{"line":48,"column":8},"end":{"line":50,"column":9}},"type":"if","locations":[{"start":{"line":48,"column":8},"end":{"line":50,"column":9}},{"start":{},"end":{}}]},"1":{"loc":{"start":{"line":48,"column":12},"end":{"line":48,"column":65}},"type":"binary-expr","locations":[{"start":{"line":48,"column":12},"end":{"line":48,"column":33}},{"start":{"line":48,"column":37},"end":{"line":48,"column":65}}]},"2":{"loc":{"start":{"line":53,"column":8},"end":{"line":55,"column":9}},"type":"if","locations":[{"start":{"line":53,"column":8},"end":{"line":55,"column":9}},{"start":{},"end":{}}]},"3":{"loc":{"start":{"line":70,"column":8},"end":{"line":72,"column":9}},"type":"if","locations":[{"start":{"line":70,"column":8},"end":{"line":72,"column":9}},{"start":{},"end":{}}]},"4":{"loc":{"start":{"line":88,"column":8},"end":{"line":90,"column":9}},"type":"if","locations":[{"start":{"line":88,"column":8},"end":{"line":90,"column":9}},{"start":{},"end":{}}]},"5":{"loc":{"start":{"line":110,"column":8},"end":{"line":112,"column":9}},"type":"if","locations":[{"start":{"line":110,"column":8},"end":{"line":112,"column":9}},{"start":{},"end":{}}]},"6":{"loc":{"start":{"line":122,"column":8},"end":{"line":124,"column":9}},"type":"if","locations":[{"start":{"line":122,"column":8},"end":{"line":124,"column":9}},{"start":{},"end":{}}]},"7":{"loc":{"start":{"line":122,"column":12},"end":{"line":122,"column":39}},"type":"binary-expr","locations":[{"start":{"line":122,"column":12},"end":{"line":122,"column":18}},{"start":{"line":122,"column":22},"end":{"line":122,"column":39}}]},"8":{"loc":{"start":{"line":127,"column":8},"end":{"line":129,"column":9}},"type":"if","locations":[{"start":{"line":127,"column":8},"end":{"line":129,"column":9}},{"start":{},"end":{}}]},"9":{"loc":{"start":{"line":131,"column":8},"end":{"line":133,"column":9}},"type":"if","locations":[{"start":{"line":131,"column":8},"end":{"line":133,"column":9}},{"start":{},"end":{}}]},"10":{"loc":{"start":{"line":135,"column":8},"end":{"line":137,"column":9}},"type":"if","locations":[{"start":{"line":135,"column":8},"end":{"line":137,"column":9}},{"start":{},"end":{}}]},"11":{"loc":{"start":{"line":145,"column":8},"end":{"line":151,"column":9}},"type":"if","locations":[{"start":{"line":145,"column":8},"end":{"line":151,"column":9}},{"start":{},"end":{}}]},"12":{"loc":{"start":{"line":174,"column":8},"end":{"line":176,"column":9}},"type":"if","locations":[{"start":{"line":174,"column":8},"end":{"line":176,"column":9}},{"start":{},"end":{}}]},"13":{"loc":{"start":{"line":188,"column":8},"end":{"line":190,"column":9}},"type":"if","locations":[{"start":{"line":188,"column":8},"end":{"line":190,"column":9}},{"start":{},"end":{}}]},"14":{"loc":{"start":{"line":210,"column":8},"end":{"line":212,"column":9}},"type":"if","locations":[{"start":{"line":210,"column":8},"end":{"line":212,"column":9}},{"start":{},"end":{}}]},"15":{"loc":{"start":{"line":222,"column":8},"end":{"line":224,"column":9}},"type":"if","locations":[{"start":{"line":222,"column":8},"end":{"line":224,"column":9}},{"start":{},"end":{}}]},"16":{"loc":{"start":{"line":222,"column":12},"end":{"line":222,"column":31}},"type":"binary-expr","locations":[{"start":{"line":222,"column":12},"end":{"line":222,"column":18}},{"start":{"line":222,"column":22},"end":{"line":222,"column":31}}]},"17":{"loc":{"start":{"line":228,"column":8},"end":{"line":230,"column":9}},"type":"if","locations":[{"start":{"line":228,"column":8},"end":{"line":230,"column":9}},{"start":{},"end":{}}]},"18":{"loc":{"start":{"line":233,"column":8},"end":{"line":235,"column":9}},"type":"if","locations":[{"start":{"line":233,"column":8},"end":{"line":235,"column":9}},{"start":{},"end":{}}]},"19":{"loc":{"start":{"line":233,"column":12},"end":{"line":233,"column":54}},"type":"binary-expr","locations":[{"start":{"line":233,"column":12},"end":{"line":233,"column":33}},{"start":{"line":233,"column":37},"end":{"line":233,"column":54}}]},"20":{"loc":{"start":{"line":239,"column":8},"end":{"line":241,"column":9}},"type":"if","locations":[{"start":{"line":239,"column":8},"end":{"line":241,"column":9}},{"start":{},"end":{}}]},"21":{"loc":{"start":{"line":245,"column":8},"end":{"line":247,"column":9}},"type":"if","locations":[{"start":{"line":245,"column":8},"end":{"line":247,"column":9}},{"start":{},"end":{}}]},"22":{"loc":{"start":{"line":261,"column":32},"end":{"line":261,"column":106}},"type":"cond-expr","locations":[{"start":{"line":261,"column":56},"end":{"line":261,"column":80}},{"start":{"line":261,"column":83},"end":{"line":261,"column":106}}]},"23":{"loc":{"start":{"line":262,"column":24},"end":{"line":262,"column":64}},"type":"cond-expr","locations":[{"start":{"line":262,"column":48},"end":{"line":262,"column":55}},{"start":{"line":262,"column":58},"end":{"line":262,"column":64}}]},"24":{"loc":{"start":{"line":293,"column":8},"end":{"line":295,"column":9}},"type":"if","locations":[{"start":{"line":293,"column":8},"end":{"line":295,"column":9}},{"start":{},"end":{}}]},"25":{"loc":{"start":{"line":293,"column":12},"end":{"line":293,"column":60}},"type":"binary-expr","locations":[{"start":{"line":293,"column":12},"end":{"line":293,"column":33}},{"start":{"line":293,"column":37},"end":{"line":293,"column":60}}]},"26":{"loc":{"start":{"line":298,"column":8},"end":{"line":300,"column":9}},"type":"if","locations":[{"start":{"line":298,"column":8},"end":{"line":300,"column":9}},{"start":{},"end":{}}]},"27":{"loc":{"start":{"line":303,"column":8},"end":{"line":307,"column":9}},"type":"if","locations":[{"start":{"line":303,"column":8},"end":{"line":307,"column":9}},{"start":{},"end":{}}]},"28":{"loc":{"start":{"line":310,"column":8},"end":{"line":312,"column":9}},"type":"if","locations":[{"start":{"line":310,"column":8},"end":{"line":312,"column":9}},{"start":{},"end":{}}]},"29":{"loc":{"start":{"line":321,"column":8},"end":{"line":323,"column":9}},"type":"if","locations":[{"start":{"line":321,"column":8},"end":{"line":323,"column":9}},{"start":{},"end":{}}]},"30":{"loc":{"start":{"line":334,"column":8},"end":{"line":336,"column":9}},"type":"if","locations":[{"start":{"line":334,"column":8},"end":{"line":336,"column":9}},{"start":{},"end":{}}]}},"s":{"0":1,"1":1,"2":1,"3":1,"4":1,"5":3,"6":3,"7":2,"8":1,"9":1,"10":1,"11":5,"12":5,"13":5,"14":5,"15":1,"16":4,"17":4,"18":1,"19":3,"20":3,"21":0,"22":1,"23":1,"24":3,"25":3,"26":3,"27":1,"28":2,"29":2,"30":2,"31":2,"32":1,"33":0,"34":1,"35":1,"36":1,"37":0,"38":1,"39":1,"40":1,"41":0,"42":1,"43":1,"44":3,"45":3,"46":3,"47":0,"48":3,"49":3,"50":1,"51":2,"52":0,"53":2,"54":1,"55":1,"56":1,"57":1,"58":1,"59":1,"60":0,"61":1,"62":0,"63":1,"64":1,"65":0,"66":0,"67":0,"68":0,"69":0,"70":0,"71":0,"72":0,"73":0,"74":0,"75":0,"76":0,"77":0,"78":0,"79":0,"80":0,"81":0,"82":1,"83":1,"84":3,"85":3,"86":3,"87":0,"88":3,"89":3,"90":0,"91":3,"92":1,"93":2,"94":2,"95":1,"96":1,"97":1,"98":0,"99":1,"100":1,"101":1,"102":1,"103":1,"104":0,"105":1,"106":1,"107":1,"108":3,"109":3,"110":3,"111":3,"112":3,"113":1,"114":2,"115":0,"116":2,"117":1,"118":1,"119":1,"120":2,"121":2,"122":1,"123":1,"124":1,"125":0,"126":0,"127":0,"128":1,"129":1,"130":2,"131":2,"132":2,"133":2,"134":1,"135":1,"136":0,"137":1},"f":{"0":3,"1":5,"2":3,"3":1,"4":0,"5":3,"6":1,"7":0,"8":0,"9":0,"10":0,"11":3,"12":3,"13":2},"b":{"0":[1,4],"1":[5,2],"2":[1,3],"3":[1,2],"4":[0,1],"5":[1,0],"6":[0,3],"7":[3,3],"8":[1,2],"9":[0,2],"10":[1,1],"11":[1,0],"12":[0,0],"13":[0,0],"14":[0,0],"15":[0,3],"16":[3,3],"17":[0,3],"18":[1,2],"19":[3,3],"20":[1,1],"21":[0,1],"22":[0,1],"23":[0,1],"24":[1,2],"25":[3,2],"26":[0,2],"27":[1,1],"28":[1,1],"29":[0,0],"30":[1,1]}}
,"C:\\Users\\pc\\Videos\\Event Ticketing System\\backend\\src\\User\\user.service.ts": {"path":"C:\\Users\\pc\\Videos\\Event Ticketing System\\backend\\src\\User\\user.service.ts","statementMap":{"0":{"start":{"line":1,"column":0},"end":{"line":1,"column":31}},"1":{"start":{"line":2,"column":0},"end":{"line":2,"column":47}},"2":{"start":{"line":3,"column":0},"end":{"line":3,"column":33}},"3":{"start":{"line":7,"column":22},"end":{"line":9,"column":1}},"4":{"start":{"line":8,"column":4},"end":{"line":8,"column":46}},"5":{"start":{"line":7,"column":13},"end":{"line":7,"column":22}},"6":{"start":{"line":12,"column":23},"end":{"line":15,"column":1}},"7":{"start":{"line":13,"column":19},"end":{"line":13,"column":87}},"8":{"start":{"line":14,"column":4},"end":{"line":14,"column":21}},"9":{"start":{"line":12,"column":13},"end":{"line":12,"column":23}},"10":{"start":{"line":18,"column":26},"end":{"line":21,"column":1}},"11":{"start":{"line":19,"column":19},"end":{"line":19,"column":88}},"12":{"start":{"line":20,"column":4},"end":{"line":20,"column":21}},"13":{"start":{"line":18,"column":13},"end":{"line":18,"column":26}},"14":{"start":{"line":24,"column":22},"end":{"line":34,"column":1}},"15":{"start":{"line":25,"column":4},"end":{"line":33,"column":5}},"16":{"start":{"line":26,"column":23},"end":{"line":26,"column":75}},"17":{"start":{"line":27,"column":8},"end":{"line":27,"column":25}},"18":{"start":{"line":29,"column":8},"end":{"line":31,"column":9}},"19":{"start":{"line":30,"column":12},"end":{"line":30,"column":52}},"20":{"start":{"line":32,"column":8},"end":{"line":32,"column":20}},"21":{"start":{"line":24,"column":13},"end":{"line":24,"column":22}},"22":{"start":{"line":37,"column":22},"end":{"line":50,"column":1}},"23":{"start":{"line":38,"column":4},"end":{"line":49,"column":5}},"24":{"start":{"line":39,"column":23},"end":{"line":42,"column":24}},"25":{"start":{"line":43,"column":8},"end":{"line":43,"column":25}},"26":{"start":{"line":45,"column":8},"end":{"line":47,"column":9}},"27":{"start":{"line":46,"column":12},"end":{"line":46,"column":52}},"28":{"start":{"line":48,"column":8},"end":{"line":48,"column":20}},"29":{"start":{"line":37,"column":13},"end":{"line":37,"column":22}},"30":{"start":{"line":53,"column":22},"end":{"line":58,"column":1}},"31":{"start":{"line":54,"column":19},"end":{"line":56,"column":20}},"32":{"start":{"line":57,"column":4},"end":{"line":57,"column":29}},"33":{"start":{"line":53,"column":13},"end":{"line":53,"column":22}},"34":{"start":{"line":61,"column":27},"end":{"line":66,"column":1}},"35":{"start":{"line":62,"column":19},"end":{"line":64,"column":43}},"36":{"start":{"line":65,"column":4},"end":{"line":65,"column":29}},"37":{"start":{"line":61,"column":13},"end":{"line":61,"column":27}}},"fnMap":{"0":{"name":"(anonymous_1)","decl":{"start":{"line":7,"column":22},"end":{"line":7,"column":27}},"loc":{"start":{"line":7,"column":52},"end":{"line":9,"column":1}}},"1":{"name":"(anonymous_2)","decl":{"start":{"line":12,"column":23},"end":{"line":12,"column":28}},"loc":{"start":{"line":12,"column":73},"end":{"line":15,"column":1}}},"2":{"name":"(anonymous_3)","decl":{"start":{"line":18,"column":26},"end":{"line":18,"column":31}},"loc":{"start":{"line":18,"column":79},"end":{"line":21,"column":1}}},"3":{"name":"(anonymous_4)","decl":{"start":{"line":24,"column":22},"end":{"line":24,"column":27}},"loc":{"start":{"line":24,"column":74},"end":{"line":34,"column":1}}},"4":{"name":"(anonymous_5)","decl":{"start":{"line":37,"column":22},"end":{"line":37,"column":27}},"loc":{"start":{"line":37,"column":95},"end":{"line":50,"column":1}}},"5":{"name":"(anonymous_6)","decl":{"start":{"line":53,"column":22},"end":{"line":53,"column":27}},"loc":{"start":{"line":53,"column":61},"end":{"line":58,"column":1}}},"6":{"name":"(anonymous_7)","decl":{"start":{"line":61,"column":27},"end":{"line":61,"column":32}},"loc":{"start":{"line":61,"column":69},"end":{"line":66,"column":1}}}},"branchMap":{"0":{"loc":{"start":{"line":29,"column":8},"end":{"line":31,"column":9}},"type":"if","locations":[{"start":{"line":29,"column":8},"end":{"line":31,"column":9}},{"start":{},"end":{}}]},"1":{"loc":{"start":{"line":45,"column":8},"end":{"line":47,"column":9}},"type":"if","locations":[{"start":{"line":45,"column":8},"end":{"line":47,"column":9}},{"start":{},"end":{}}]}},"s":{"0":2,"1":2,"2":2,"3":2,"4":2,"5":2,"6":2,"7":2,"8":1,"9":2,"10":2,"11":2,"12":1,"13":2,"14":2,"15":3,"16":3,"17":1,"18":2,"19":1,"20":1,"21":2,"22":2,"23":3,"24":3,"25":1,"26":2,"27":1,"28":1,"29":2,"30":2,"31":3,"32":2,"33":2,"34":2,"35":3,"36":2,"37":2},"f":{"0":2,"1":2,"2":2,"3":3,"4":3,"5":3,"6":3},"b":{"0":[1,1],"1":[1,1]}}
,"C:\\Users\\pc\\Videos\\Event Ticketing System\\backend\\src\\Venue\\venue.controller.ts": {"path":"C:\\Users\\pc\\Videos\\Event Ticketing System\\backend\\src\\Venue\\venue.controller.ts","statementMap":{"0":{"start":{"line":2,"column":0},"end":{"line":2,"column":48}},"1":{"start":{"line":5,"column":28},"end":{"line":12,"column":1}},"2":{"start":{"line":6,"column":4},"end":{"line":11,"column":5}},"3":{"start":{"line":7,"column":23},"end":{"line":7,"column":50}},"4":{"start":{"line":8,"column":8},"end":{"line":8,"column":37}},"5":{"start":{"line":10,"column":8},"end":{"line":10,"column":55}},"6":{"start":{"line":5,"column":13},"end":{"line":5,"column":28}},"7":{"start":{"line":15,"column":28},"end":{"line":28,"column":1}},"8":{"start":{"line":16,"column":4},"end":{"line":27,"column":5}},"9":{"start":{"line":17,"column":24},"end":{"line":17,"column":45}},"10":{"start":{"line":18,"column":22},"end":{"line":18,"column":57}},"11":{"start":{"line":20,"column":8},"end":{"line":22,"column":9}},"12":{"start":{"line":21,"column":12},"end":{"line":21,"column":70}},"13":{"start":{"line":24,"column":8},"end":{"line":24,"column":36}},"14":{"start":{"line":26,"column":8},"end":{"line":26,"column":55}},"15":{"start":{"line":15,"column":13},"end":{"line":15,"column":28}},"16":{"start":{"line":31,"column":27},"end":{"line":51,"column":1}},"17":{"start":{"line":32,"column":4},"end":{"line":50,"column":5}},"18":{"start":{"line":33,"column":26},"end":{"line":37,"column":10}},"19":{"start":{"line":39,"column":25},"end":{"line":39,"column":61}},"20":{"start":{"line":40,"column":8},"end":{"line":42,"column":9}},"21":{"start":{"line":41,"column":12},"end":{"line":41,"column":76}},"22":{"start":{"line":44,"column":8},"end":{"line":47,"column":11}},"23":{"start":{"line":49,"column":8},"end":{"line":49,"column":55}},"24":{"start":{"line":31,"column":13},"end":{"line":31,"column":27}},"25":{"start":{"line":54,"column":27},"end":{"line":74,"column":1}},"26":{"start":{"line":55,"column":4},"end":{"line":73,"column":5}},"27":{"start":{"line":56,"column":24},"end":{"line":56,"column":45}},"28":{"start":{"line":57,"column":27},"end":{"line":60,"column":10}},"29":{"start":{"line":62,"column":24},"end":{"line":62,"column":70}},"30":{"start":{"line":63,"column":8},"end":{"line":65,"column":9}},"31":{"start":{"line":64,"column":12},"end":{"line":64,"column":70}},"32":{"start":{"line":67,"column":8},"end":{"line":70,"column":11}},"33":{"start":{"line":72,"column":8},"end":{"line":72,"column":55}},"34":{"start":{"line":54,"column":13},"end":{"line":54,"column":27}},"35":{"start":{"line":77,"column":27},"end":{"line":90,"column":1}},"36":{"start":{"line":78,"column":4},"end":{"line":89,"column":5}},"37":{"start":{"line":79,"column":24},"end":{"line":79,"column":45}},"38":{"start":{"line":80,"column":24},"end":{"line":80,"column":58}},"39":{"start":{"line":82,"column":8},"end":{"line":84,"column":9}},"40":{"start":{"line":83,"column":12},"end":{"line":83,"column":70}},"41":{"start":{"line":86,"column":8},"end":{"line":86,"column":72}},"42":{"start":{"line":88,"column":8},"end":{"line":88,"column":55}},"43":{"start":{"line":77,"column":13},"end":{"line":77,"column":27}}},"fnMap":{"0":{"name":"(anonymous_9)","decl":{"start":{"line":5,"column":28},"end":{"line":5,"column":33}},"loc":{"start":{"line":5,"column":66},"end":{"line":12,"column":1}}},"1":{"name":"(anonymous_10)","decl":{"start":{"line":15,"column":28},"end":{"line":15,"column":33}},"loc":{"start":{"line":15,"column":66},"end":{"line":28,"column":1}}},"2":{"name":"(anonymous_11)","decl":{"start":{"line":31,"column":27},"end":{"line":31,"column":32}},"loc":{"start":{"line":31,"column":65},"end":{"line":51,"column":1}}},"3":{"name":"(anonymous_12)","decl":{"start":{"line":54,"column":27},"end":{"line":54,"column":32}},"loc":{"start":{"line":54,"column":65},"end":{"line":74,"column":1}}},"4":{"name":"(anonymous_13)","decl":{"start":{"line":77,"column":27},"end":{"line":77,"column":32}},"loc":{"start":{"line":77,"column":65},"end":{"line":90,"column":1}}}},"branchMap":{"0":{"loc":{"start":{"line":20,"column":8},"end":{"line":22,"column":9}},"type":"if","locations":[{"start":{"line":20,"column":8},"end":{"line":22,"column":9}},{"start":{},"end":{}}]},"1":{"loc":{"start":{"line":40,"column":8},"end":{"line":42,"column":9}},"type":"if","locations":[{"start":{"line":40,"column":8},"end":{"line":42,"column":9}},{"start":{},"end":{}}]},"2":{"loc":{"start":{"line":63,"column":8},"end":{"line":65,"column":9}},"type":"if","locations":[{"start":{"line":63,"column":8},"end":{"line":65,"column":9}},{"start":{},"end":{}}]},"3":{"loc":{"start":{"line":82,"column":8},"end":{"line":84,"column":9}},"type":"if","locations":[{"start":{"line":82,"column":8},"end":{"line":84,"column":9}},{"start":{},"end":{}}]}},"s":{"0":1,"1":1,"2":3,"3":3,"4":2,"5":1,"6":1,"7":1,"8":4,"9":4,"10":4,"11":3,"12":2,"13":1,"14":1,"15":1,"16":1,"17":3,"18":3,"19":3,"20":2,"21":1,"22":1,"23":1,"24":1,"25":1,"26":3,"27":3,"28":3,"29":3,"30":2,"31":1,"32":1,"33":1,"34":1,"35":1,"36":3,"37":3,"38":3,"39":2,"40":1,"41":1,"42":1,"43":1},"f":{"0":3,"1":4,"2":3,"3":3,"4":3},"b":{"0":[2,1],"1":[1,1],"2":[1,1],"3":[1,1]}}
,"C:\\Users\\pc\\Videos\\Event Ticketing System\\backend\\src\\Venue\\venue.service.ts": {"path":"C:\\Users\\pc\\Videos\\Event Ticketing System\\backend\\src\\Venue\\venue.service.ts","statementMap":{"0":{"start":{"line":1,"column":0},"end":{"line":1,"column":31}},"1":{"start":{"line":2,"column":0},"end":{"line":2,"column":48}},"2":{"start":{"line":3,"column":0},"end":{"line":3,"column":33}},"3":{"start":{"line":7,"column":22},"end":{"line":13,"column":1}},"4":{"start":{"line":8,"column":2},"end":{"line":12,"column":3}},"5":{"start":{"line":9,"column":4},"end":{"line":9,"column":47}},"6":{"start":{"line":11,"column":4},"end":{"line":11,"column":44}},"7":{"start":{"line":7,"column":13},"end":{"line":7,"column":22}},"8":{"start":{"line":16,"column":23},"end":{"line":23,"column":1}},"9":{"start":{"line":17,"column":2},"end":{"line":22,"column":3}},"10":{"start":{"line":18,"column":19},"end":{"line":18,"column":90}},"11":{"start":{"line":19,"column":4},"end":{"line":19,"column":21}},"12":{"start":{"line":21,"column":4},"end":{"line":21,"column":49}},"13":{"start":{"line":16,"column":13},"end":{"line":16,"column":23}},"14":{"start":{"line":26,"column":22},"end":{"line":33,"column":1}},"15":{"start":{"line":27,"column":2},"end":{"line":32,"column":3}},"16":{"start":{"line":28,"column":19},"end":{"line":28,"column":72}},"17":{"start":{"line":29,"column":4},"end":{"line":29,"column":21}},"18":{"start":{"line":31,"column":4},"end":{"line":31,"column":46}},"19":{"start":{"line":26,"column":13},"end":{"line":26,"column":22}},"20":{"start":{"line":36,"column":22},"end":{"line":46,"column":1}},"21":{"start":{"line":37,"column":2},"end":{"line":45,"column":3}},"22":{"start":{"line":38,"column":19},"end":{"line":41,"column":18}},"23":{"start":{"line":42,"column":4},"end":{"line":42,"column":21}},"24":{"start":{"line":44,"column":4},"end":{"line":44,"column":46}},"25":{"start":{"line":36,"column":13},"end":{"line":36,"column":22}},"26":{"start":{"line":49,"column":22},"end":{"line":58,"column":1}},"27":{"start":{"line":50,"column":2},"end":{"line":57,"column":3}},"28":{"start":{"line":51,"column":19},"end":{"line":53,"column":18}},"29":{"start":{"line":54,"column":4},"end":{"line":54,"column":29}},"30":{"start":{"line":56,"column":4},"end":{"line":56,"column":46}},"31":{"start":{"line":49,"column":13},"end":{"line":49,"column":22}}},"fnMap":{"0":{"name":"(anonymous_1)","decl":{"start":{"line":7,"column":22},"end":{"line":7,"column":27}},"loc":{"start":{"line":7,"column":53},"end":{"line":13,"column":1}}},"1":{"name":"(anonymous_2)","decl":{"start":{"line":16,"column":23},"end":{"line":16,"column":28}},"loc":{"start":{"line":16,"column":74},"end":{"line":23,"column":1}}},"2":{"name":"(anonymous_3)","decl":{"start":{"line":26,"column":22},"end":{"line":26,"column":27}},"loc":{"start":{"line":26,"column":76},"end":{"line":33,"column":1}}},"3":{"name":"(anonymous_4)","decl":{"start":{"line":36,"column":22},"end":{"line":36,"column":27}},"loc":{"start":{"line":36,"column":97},"end":{"line":46,"column":1}}},"4":{"name":"(anonymous_5)","decl":{"start":{"line":49,"column":22},"end":{"line":49,"column":27}},"loc":{"start":{"line":49,"column":61},"end":{"line":58,"column":1}}}},"branchMap":{},"s":{"0":2,"1":2,"2":2,"3":2,"4":2,"5":2,"6":1,"7":2,"8":2,"9":2,"10":2,"11":1,"12":1,"13":2,"14":2,"15":2,"16":2,"17":1,"18":1,"19":2,"20":2,"21":2,"22":2,"23":1,"24":1,"25":2,"26":2,"27":3,"28":3,"29":2,"30":1,"31":2},"f":{"0":2,"1":2,"2":2,"3":2,"4":3},"b":{}}
}
