{"C:\\Users\\pc\\Videos\\Event Ticketing System\\backend\\src\\Booking\\booking.service.ts": {"path":"C:\\Users\\pc\\Videos\\Event Ticketing System\\backend\\src\\Booking\\booking.service.ts","statementMap":{"0":{"start":{"line":1,"column":0},"end":{"line":1,"column":31}},"1":{"start":{"line":2,"column":0},"end":{"line":2,"column":50}},"2":{"start":{"line":3,"column":0},"end":{"line":3,"column":33}},"3":{"start":{"line":6,"column":22},"end":{"line":12,"column":1}},"4":{"start":{"line":7,"column":2},"end":{"line":11,"column":3}},"5":{"start":{"line":8,"column":4},"end":{"line":8,"column":49}},"6":{"start":{"line":10,"column":4},"end":{"line":10,"column":66}},"7":{"start":{"line":6,"column":13},"end":{"line":6,"column":22}},"8":{"start":{"line":14,"column":23},"end":{"line":21,"column":1}},"9":{"start":{"line":15,"column":2},"end":{"line":20,"column":3}},"10":{"start":{"line":16,"column":19},"end":{"line":16,"column":96}},"11":{"start":{"line":17,"column":4},"end":{"line":17,"column":21}},"12":{"start":{"line":19,"column":4},"end":{"line":19,"column":71}},"13":{"start":{"line":14,"column":13},"end":{"line":14,"column":23}},"14":{"start":{"line":23,"column":27},"end":{"line":29,"column":1}},"15":{"start":{"line":24,"column":2},"end":{"line":28,"column":3}},"16":{"start":{"line":25,"column":4},"end":{"line":25,"column":90}},"17":{"start":{"line":27,"column":4},"end":{"line":27,"column":77}},"18":{"start":{"line":23,"column":13},"end":{"line":23,"column":27}},"19":{"start":{"line":31,"column":22},"end":{"line":38,"column":1}},"20":{"start":{"line":32,"column":2},"end":{"line":37,"column":3}},"21":{"start":{"line":33,"column":19},"end":{"line":33,"column":74}},"22":{"start":{"line":34,"column":4},"end":{"line":34,"column":21}},"23":{"start":{"line":36,"column":4},"end":{"line":36,"column":66}},"24":{"start":{"line":31,"column":13},"end":{"line":31,"column":22}},"25":{"start":{"line":40,"column":22},"end":{"line":50,"column":1}},"26":{"start":{"line":41,"column":2},"end":{"line":49,"column":3}},"27":{"start":{"line":42,"column":19},"end":{"line":45,"column":18}},"28":{"start":{"line":46,"column":4},"end":{"line":46,"column":21}},"29":{"start":{"line":48,"column":4},"end":{"line":48,"column":66}},"30":{"start":{"line":40,"column":13},"end":{"line":40,"column":22}},"31":{"start":{"line":52,"column":22},"end":{"line":61,"column":1}},"32":{"start":{"line":53,"column":2},"end":{"line":60,"column":3}},"33":{"start":{"line":54,"column":19},"end":{"line":56,"column":18}},"34":{"start":{"line":57,"column":4},"end":{"line":57,"column":29}},"35":{"start":{"line":59,"column":4},"end":{"line":59,"column":66}},"36":{"start":{"line":52,"column":13},"end":{"line":52,"column":22}}},"fnMap":{"0":{"name":"(anonymous_1)","decl":{"start":{"line":6,"column":22},"end":{"line":6,"column":27}},"loc":{"start":{"line":6,"column":55},"end":{"line":12,"column":1}}},"1":{"name":"(anonymous_2)","decl":{"start":{"line":14,"column":23},"end":{"line":14,"column":28}},"loc":{"start":{"line":14,"column":76},"end":{"line":21,"column":1}}},"2":{"name":"(anonymous_3)","decl":{"start":{"line":23,"column":27},"end":{"line":23,"column":32}},"loc":{"start":{"line":23,"column":74},"end":{"line":29,"column":1}}},"3":{"name":"(anonymous_4)","decl":{"start":{"line":31,"column":22},"end":{"line":31,"column":27}},"loc":{"start":{"line":31,"column":80},"end":{"line":38,"column":1}}},"4":{"name":"(anonymous_5)","decl":{"start":{"line":40,"column":22},"end":{"line":40,"column":27}},"loc":{"start":{"line":40,"column":101},"end":{"line":50,"column":1}}},"5":{"name":"(anonymous_6)","decl":{"start":{"line":52,"column":22},"end":{"line":52,"column":27}},"loc":{"start":{"line":52,"column":61},"end":{"line":61,"column":1}}}},"branchMap":{},"s":{"0":1,"1":1,"2":1,"3":1,"4":2,"5":2,"6":1,"7":1,"8":1,"9":2,"10":2,"11":1,"12":1,"13":1,"14":1,"15":0,"16":0,"17":0,"18":1,"19":1,"20":2,"21":2,"22":1,"23":1,"24":1,"25":1,"26":2,"27":2,"28":1,"29":1,"30":1,"31":1,"32":2,"33":2,"34":1,"35":1,"36":1},"f":{"0":2,"1":2,"2":0,"3":2,"4":2,"5":2},"b":{}}
,"C:\\Users\\pc\\Videos\\Event Ticketing System\\backend\\src\\Events\\event.service.ts": {"path":"C:\\Users\\pc\\Videos\\Event Ticketing System\\backend\\src\\Events\\event.service.ts","statementMap":{"0":{"start":{"line":1,"column":0},"end":{"line":1,"column":31}},"1":{"start":{"line":2,"column":0},"end":{"line":2,"column":48}},"2":{"start":{"line":3,"column":0},"end":{"line":3,"column":33}},"3":{"start":{"line":6,"column":22},"end":{"line":12,"column":1}},"4":{"start":{"line":7,"column":2},"end":{"line":11,"column":3}},"5":{"start":{"line":8,"column":4},"end":{"line":8,"column":47}},"6":{"start":{"line":10,"column":4},"end":{"line":10,"column":64}},"7":{"start":{"line":6,"column":13},"end":{"line":6,"column":22}},"8":{"start":{"line":14,"column":23},"end":{"line":21,"column":1}},"9":{"start":{"line":15,"column":2},"end":{"line":20,"column":3}},"10":{"start":{"line":16,"column":19},"end":{"line":16,"column":90}},"11":{"start":{"line":17,"column":4},"end":{"line":17,"column":21}},"12":{"start":{"line":19,"column":4},"end":{"line":19,"column":69}},"13":{"start":{"line":14,"column":13},"end":{"line":14,"column":23}},"14":{"start":{"line":23,"column":22},"end":{"line":30,"column":1}},"15":{"start":{"line":24,"column":2},"end":{"line":29,"column":3}},"16":{"start":{"line":25,"column":19},"end":{"line":25,"column":72}},"17":{"start":{"line":26,"column":4},"end":{"line":26,"column":21}},"18":{"start":{"line":28,"column":4},"end":{"line":28,"column":64}},"19":{"start":{"line":23,"column":13},"end":{"line":23,"column":22}},"20":{"start":{"line":32,"column":22},"end":{"line":42,"column":1}},"21":{"start":{"line":33,"column":2},"end":{"line":41,"column":3}},"22":{"start":{"line":34,"column":19},"end":{"line":37,"column":18}},"23":{"start":{"line":38,"column":4},"end":{"line":38,"column":21}},"24":{"start":{"line":40,"column":4},"end":{"line":40,"column":64}},"25":{"start":{"line":32,"column":13},"end":{"line":32,"column":22}},"26":{"start":{"line":44,"column":22},"end":{"line":53,"column":1}},"27":{"start":{"line":45,"column":2},"end":{"line":52,"column":3}},"28":{"start":{"line":46,"column":19},"end":{"line":48,"column":18}},"29":{"start":{"line":49,"column":4},"end":{"line":49,"column":29}},"30":{"start":{"line":51,"column":4},"end":{"line":51,"column":64}},"31":{"start":{"line":44,"column":13},"end":{"line":44,"column":22}}},"fnMap":{"0":{"name":"(anonymous_1)","decl":{"start":{"line":6,"column":22},"end":{"line":6,"column":27}},"loc":{"start":{"line":6,"column":53},"end":{"line":12,"column":1}}},"1":{"name":"(anonymous_2)","decl":{"start":{"line":14,"column":23},"end":{"line":14,"column":28}},"loc":{"start":{"line":14,"column":74},"end":{"line":21,"column":1}}},"2":{"name":"(anonymous_3)","decl":{"start":{"line":23,"column":22},"end":{"line":23,"column":27}},"loc":{"start":{"line":23,"column":76},"end":{"line":30,"column":1}}},"3":{"name":"(anonymous_4)","decl":{"start":{"line":32,"column":22},"end":{"line":32,"column":27}},"loc":{"start":{"line":32,"column":97},"end":{"line":42,"column":1}}},"4":{"name":"(anonymous_5)","decl":{"start":{"line":44,"column":22},"end":{"line":44,"column":27}},"loc":{"start":{"line":44,"column":61},"end":{"line":53,"column":1}}}},"branchMap":{},"s":{"0":1,"1":1,"2":1,"3":1,"4":2,"5":2,"6":1,"7":1,"8":1,"9":2,"10":2,"11":1,"12":1,"13":1,"14":1,"15":2,"16":2,"17":1,"18":1,"19":1,"20":1,"21":2,"22":2,"23":1,"24":1,"25":1,"26":1,"27":2,"28":2,"29":1,"30":1,"31":1},"f":{"0":2,"1":2,"2":2,"3":2,"4":2},"b":{}}
,"C:\\Users\\pc\\Videos\\Event Ticketing System\\backend\\src\\Payments\\payment.service.ts": {"path":"C:\\Users\\pc\\Videos\\Event Ticketing System\\backend\\src\\Payments\\payment.service.ts","statementMap":{"0":{"start":{"line":2,"column":0},"end":{"line":2,"column":31}},"1":{"start":{"line":3,"column":0},"end":{"line":3,"column":50}},"2":{"start":{"line":4,"column":0},"end":{"line":4,"column":33}},"3":{"start":{"line":8,"column":22},"end":{"line":14,"column":1}},"4":{"start":{"line":9,"column":2},"end":{"line":13,"column":3}},"5":{"start":{"line":10,"column":4},"end":{"line":10,"column":49}},"6":{"start":{"line":12,"column":4},"end":{"line":12,"column":66}},"7":{"start":{"line":8,"column":13},"end":{"line":8,"column":22}},"8":{"start":{"line":17,"column":23},"end":{"line":24,"column":1}},"9":{"start":{"line":18,"column":2},"end":{"line":23,"column":3}},"10":{"start":{"line":19,"column":19},"end":{"line":19,"column":96}},"11":{"start":{"line":20,"column":4},"end":{"line":20,"column":21}},"12":{"start":{"line":22,"column":4},"end":{"line":22,"column":71}},"13":{"start":{"line":17,"column":13},"end":{"line":17,"column":23}},"14":{"start":{"line":27,"column":30},"end":{"line":34,"column":1}},"15":{"start":{"line":28,"column":2},"end":{"line":33,"column":3}},"16":{"start":{"line":29,"column":19},"end":{"line":29,"column":103}},"17":{"start":{"line":30,"column":4},"end":{"line":30,"column":21}},"18":{"start":{"line":32,"column":4},"end":{"line":32,"column":79}},"19":{"start":{"line":27,"column":13},"end":{"line":27,"column":30}},"20":{"start":{"line":37,"column":22},"end":{"line":44,"column":1}},"21":{"start":{"line":38,"column":2},"end":{"line":43,"column":3}},"22":{"start":{"line":39,"column":19},"end":{"line":39,"column":74}},"23":{"start":{"line":40,"column":4},"end":{"line":40,"column":21}},"24":{"start":{"line":42,"column":4},"end":{"line":42,"column":66}},"25":{"start":{"line":37,"column":13},"end":{"line":37,"column":22}},"26":{"start":{"line":47,"column":22},"end":{"line":57,"column":1}},"27":{"start":{"line":48,"column":2},"end":{"line":56,"column":3}},"28":{"start":{"line":49,"column":19},"end":{"line":52,"column":18}},"29":{"start":{"line":53,"column":4},"end":{"line":53,"column":21}},"30":{"start":{"line":55,"column":4},"end":{"line":55,"column":66}},"31":{"start":{"line":47,"column":13},"end":{"line":47,"column":22}},"32":{"start":{"line":60,"column":22},"end":{"line":69,"column":1}},"33":{"start":{"line":61,"column":2},"end":{"line":68,"column":3}},"34":{"start":{"line":62,"column":19},"end":{"line":64,"column":18}},"35":{"start":{"line":65,"column":4},"end":{"line":65,"column":29}},"36":{"start":{"line":67,"column":4},"end":{"line":67,"column":66}},"37":{"start":{"line":60,"column":13},"end":{"line":60,"column":22}}},"fnMap":{"0":{"name":"(anonymous_1)","decl":{"start":{"line":8,"column":22},"end":{"line":8,"column":27}},"loc":{"start":{"line":8,"column":55},"end":{"line":14,"column":1}}},"1":{"name":"(anonymous_2)","decl":{"start":{"line":17,"column":23},"end":{"line":17,"column":28}},"loc":{"start":{"line":17,"column":76},"end":{"line":24,"column":1}}},"2":{"name":"(anonymous_3)","decl":{"start":{"line":27,"column":30},"end":{"line":27,"column":35}},"loc":{"start":{"line":27,"column":90},"end":{"line":34,"column":1}}},"3":{"name":"(anonymous_4)","decl":{"start":{"line":37,"column":22},"end":{"line":37,"column":27}},"loc":{"start":{"line":37,"column":80},"end":{"line":44,"column":1}}},"4":{"name":"(anonymous_5)","decl":{"start":{"line":47,"column":22},"end":{"line":47,"column":27}},"loc":{"start":{"line":47,"column":101},"end":{"line":57,"column":1}}},"5":{"name":"(anonymous_6)","decl":{"start":{"line":60,"column":22},"end":{"line":60,"column":27}},"loc":{"start":{"line":60,"column":61},"end":{"line":69,"column":1}}}},"branchMap":{},"s":{"0":1,"1":1,"2":1,"3":1,"4":2,"5":2,"6":1,"7":1,"8":1,"9":2,"10":2,"11":1,"12":1,"13":1,"14":1,"15":2,"16":2,"17":1,"18":1,"19":1,"20":1,"21":2,"22":2,"23":1,"24":1,"25":1,"26":1,"27":2,"28":2,"29":1,"30":1,"31":1,"32":1,"33":2,"34":2,"35":1,"36":1,"37":1},"f":{"0":2,"1":2,"2":2,"3":2,"4":2,"5":2},"b":{}}
,"C:\\Users\\pc\\Videos\\Event Ticketing System\\backend\\src\\Supportticket\\support-ticket.service.ts": {"path":"C:\\Users\\pc\\Videos\\Event Ticketing System\\backend\\src\\Supportticket\\support-ticket.service.ts","statementMap":{"0":{"start":{"line":1,"column":0},"end":{"line":1,"column":31}},"1":{"start":{"line":2,"column":0},"end":{"line":2,"column":56}},"2":{"start":{"line":3,"column":0},"end":{"line":3,"column":33}},"3":{"start":{"line":6,"column":22},"end":{"line":12,"column":1}},"4":{"start":{"line":7,"column":4},"end":{"line":11,"column":5}},"5":{"start":{"line":8,"column":8},"end":{"line":8,"column":59}},"6":{"start":{"line":10,"column":8},"end":{"line":10,"column":77}},"7":{"start":{"line":6,"column":13},"end":{"line":6,"column":22}},"8":{"start":{"line":14,"column":23},"end":{"line":23,"column":1}},"9":{"start":{"line":15,"column":4},"end":{"line":22,"column":5}},"10":{"start":{"line":16,"column":23},"end":{"line":18,"column":57}},"11":{"start":{"line":19,"column":8},"end":{"line":19,"column":25}},"12":{"start":{"line":21,"column":8},"end":{"line":21,"column":82}},"13":{"start":{"line":14,"column":13},"end":{"line":14,"column":23}},"14":{"start":{"line":25,"column":27},"end":{"line":33,"column":1}},"15":{"start":{"line":26,"column":4},"end":{"line":32,"column":5}},"16":{"start":{"line":27,"column":8},"end":{"line":29,"column":60}},"17":{"start":{"line":31,"column":8},"end":{"line":31,"column":88}},"18":{"start":{"line":25,"column":13},"end":{"line":25,"column":27}},"19":{"start":{"line":35,"column":22},"end":{"line":44,"column":1}},"20":{"start":{"line":36,"column":4},"end":{"line":43,"column":5}},"21":{"start":{"line":37,"column":23},"end":{"line":39,"column":24}},"22":{"start":{"line":40,"column":8},"end":{"line":40,"column":25}},"23":{"start":{"line":42,"column":8},"end":{"line":42,"column":77}},"24":{"start":{"line":35,"column":13},"end":{"line":35,"column":22}},"25":{"start":{"line":46,"column":22},"end":{"line":56,"column":1}},"26":{"start":{"line":47,"column":4},"end":{"line":55,"column":5}},"27":{"start":{"line":48,"column":23},"end":{"line":51,"column":24}},"28":{"start":{"line":52,"column":8},"end":{"line":52,"column":25}},"29":{"start":{"line":54,"column":8},"end":{"line":54,"column":77}},"30":{"start":{"line":46,"column":13},"end":{"line":46,"column":22}},"31":{"start":{"line":58,"column":22},"end":{"line":67,"column":1}},"32":{"start":{"line":59,"column":4},"end":{"line":66,"column":5}},"33":{"start":{"line":60,"column":23},"end":{"line":62,"column":24}},"34":{"start":{"line":63,"column":8},"end":{"line":63,"column":33}},"35":{"start":{"line":65,"column":8},"end":{"line":65,"column":77}},"36":{"start":{"line":58,"column":13},"end":{"line":58,"column":22}}},"fnMap":{"0":{"name":"(anonymous_1)","decl":{"start":{"line":6,"column":22},"end":{"line":6,"column":27}},"loc":{"start":{"line":6,"column":61},"end":{"line":12,"column":1}}},"1":{"name":"(anonymous_2)","decl":{"start":{"line":14,"column":23},"end":{"line":14,"column":28}},"loc":{"start":{"line":14,"column":82},"end":{"line":23,"column":1}}},"2":{"name":"(anonymous_3)","decl":{"start":{"line":25,"column":27},"end":{"line":25,"column":32}},"loc":{"start":{"line":25,"column":80},"end":{"line":33,"column":1}}},"3":{"name":"(anonymous_4)","decl":{"start":{"line":35,"column":22},"end":{"line":35,"column":27}},"loc":{"start":{"line":35,"column":92},"end":{"line":44,"column":1}}},"4":{"name":"(anonymous_5)","decl":{"start":{"line":46,"column":22},"end":{"line":46,"column":27}},"loc":{"start":{"line":46,"column":113},"end":{"line":56,"column":1}}},"5":{"name":"(anonymous_6)","decl":{"start":{"line":58,"column":22},"end":{"line":58,"column":27}},"loc":{"start":{"line":58,"column":61},"end":{"line":67,"column":1}}}},"branchMap":{},"s":{"0":1,"1":1,"2":1,"3":1,"4":2,"5":2,"6":1,"7":1,"8":1,"9":2,"10":2,"11":1,"12":1,"13":1,"14":1,"15":1,"16":1,"17":0,"18":1,"19":1,"20":2,"21":2,"22":1,"23":1,"24":1,"25":1,"26":2,"27":2,"28":1,"29":1,"30":1,"31":1,"32":2,"33":2,"34":1,"35":1,"36":1},"f":{"0":2,"1":2,"2":1,"3":2,"4":2,"5":2},"b":{}}
,"C:\\Users\\pc\\Videos\\Event Ticketing System\\backend\\src\\User\\user.service.ts": {"path":"C:\\Users\\pc\\Videos\\Event Ticketing System\\backend\\src\\User\\user.service.ts","statementMap":{"0":{"start":{"line":1,"column":0},"end":{"line":1,"column":31}},"1":{"start":{"line":2,"column":0},"end":{"line":2,"column":47}},"2":{"start":{"line":3,"column":0},"end":{"line":3,"column":33}},"3":{"start":{"line":7,"column":22},"end":{"line":13,"column":1}},"4":{"start":{"line":8,"column":2},"end":{"line":12,"column":3}},"5":{"start":{"line":9,"column":4},"end":{"line":9,"column":46}},"6":{"start":{"line":11,"column":4},"end":{"line":11,"column":63}},"7":{"start":{"line":7,"column":13},"end":{"line":7,"column":22}},"8":{"start":{"line":16,"column":23},"end":{"line":23,"column":1}},"9":{"start":{"line":17,"column":2},"end":{"line":22,"column":3}},"10":{"start":{"line":18,"column":19},"end":{"line":18,"column":87}},"11":{"start":{"line":19,"column":4},"end":{"line":19,"column":21}},"12":{"start":{"line":21,"column":4},"end":{"line":21,"column":68}},"13":{"start":{"line":16,"column":13},"end":{"line":16,"column":23}},"14":{"start":{"line":26,"column":26},"end":{"line":33,"column":1}},"15":{"start":{"line":27,"column":2},"end":{"line":32,"column":3}},"16":{"start":{"line":28,"column":19},"end":{"line":28,"column":88}},"17":{"start":{"line":29,"column":4},"end":{"line":29,"column":21}},"18":{"start":{"line":31,"column":4},"end":{"line":31,"column":71}},"19":{"start":{"line":26,"column":13},"end":{"line":26,"column":26}},"20":{"start":{"line":36,"column":22},"end":{"line":46,"column":1}},"21":{"start":{"line":37,"column":2},"end":{"line":45,"column":3}},"22":{"start":{"line":38,"column":19},"end":{"line":38,"column":71}},"23":{"start":{"line":39,"column":4},"end":{"line":39,"column":21}},"24":{"start":{"line":41,"column":4},"end":{"line":43,"column":5}},"25":{"start":{"line":42,"column":6},"end":{"line":42,"column":46}},"26":{"start":{"line":44,"column":4},"end":{"line":44,"column":63}},"27":{"start":{"line":36,"column":13},"end":{"line":36,"column":22}},"28":{"start":{"line":49,"column":22},"end":{"line":62,"column":1}},"29":{"start":{"line":50,"column":2},"end":{"line":61,"column":3}},"30":{"start":{"line":51,"column":19},"end":{"line":54,"column":18}},"31":{"start":{"line":55,"column":4},"end":{"line":55,"column":21}},"32":{"start":{"line":57,"column":4},"end":{"line":59,"column":5}},"33":{"start":{"line":58,"column":6},"end":{"line":58,"column":46}},"34":{"start":{"line":60,"column":4},"end":{"line":60,"column":63}},"35":{"start":{"line":49,"column":13},"end":{"line":49,"column":22}},"36":{"start":{"line":65,"column":22},"end":{"line":74,"column":1}},"37":{"start":{"line":66,"column":2},"end":{"line":73,"column":3}},"38":{"start":{"line":67,"column":19},"end":{"line":69,"column":18}},"39":{"start":{"line":70,"column":4},"end":{"line":70,"column":29}},"40":{"start":{"line":72,"column":4},"end":{"line":72,"column":63}},"41":{"start":{"line":65,"column":13},"end":{"line":65,"column":22}},"42":{"start":{"line":77,"column":27},"end":{"line":86,"column":1}},"43":{"start":{"line":78,"column":2},"end":{"line":85,"column":3}},"44":{"start":{"line":79,"column":19},"end":{"line":81,"column":41}},"45":{"start":{"line":82,"column":4},"end":{"line":82,"column":29}},"46":{"start":{"line":84,"column":4},"end":{"line":84,"column":73}},"47":{"start":{"line":77,"column":13},"end":{"line":77,"column":27}}},"fnMap":{"0":{"name":"(anonymous_1)","decl":{"start":{"line":7,"column":22},"end":{"line":7,"column":27}},"loc":{"start":{"line":7,"column":52},"end":{"line":13,"column":1}}},"1":{"name":"(anonymous_2)","decl":{"start":{"line":16,"column":23},"end":{"line":16,"column":28}},"loc":{"start":{"line":16,"column":73},"end":{"line":23,"column":1}}},"2":{"name":"(anonymous_3)","decl":{"start":{"line":26,"column":26},"end":{"line":26,"column":31}},"loc":{"start":{"line":26,"column":79},"end":{"line":33,"column":1}}},"3":{"name":"(anonymous_4)","decl":{"start":{"line":36,"column":22},"end":{"line":36,"column":27}},"loc":{"start":{"line":36,"column":74},"end":{"line":46,"column":1}}},"4":{"name":"(anonymous_5)","decl":{"start":{"line":49,"column":22},"end":{"line":49,"column":27}},"loc":{"start":{"line":49,"column":95},"end":{"line":62,"column":1}}},"5":{"name":"(anonymous_6)","decl":{"start":{"line":65,"column":22},"end":{"line":65,"column":27}},"loc":{"start":{"line":65,"column":61},"end":{"line":74,"column":1}}},"6":{"name":"(anonymous_7)","decl":{"start":{"line":77,"column":27},"end":{"line":77,"column":32}},"loc":{"start":{"line":77,"column":69},"end":{"line":86,"column":1}}}},"branchMap":{"0":{"loc":{"start":{"line":41,"column":4},"end":{"line":43,"column":5}},"type":"if","locations":[{"start":{"line":41,"column":4},"end":{"line":43,"column":5}},{"start":{},"end":{}}]},"1":{"loc":{"start":{"line":57,"column":4},"end":{"line":59,"column":5}},"type":"if","locations":[{"start":{"line":57,"column":4},"end":{"line":59,"column":5}},{"start":{},"end":{}}]}},"s":{"0":1,"1":1,"2":1,"3":1,"4":2,"5":2,"6":1,"7":1,"8":1,"9":2,"10":2,"11":1,"12":1,"13":1,"14":1,"15":2,"16":2,"17":1,"18":1,"19":1,"20":1,"21":3,"22":3,"23":1,"24":2,"25":1,"26":1,"27":1,"28":1,"29":3,"30":3,"31":1,"32":2,"33":1,"34":1,"35":1,"36":1,"37":3,"38":3,"39":2,"40":1,"41":1,"42":1,"43":3,"44":3,"45":2,"46":1,"47":1},"f":{"0":2,"1":2,"2":2,"3":3,"4":3,"5":3,"6":3},"b":{"0":[1,1],"1":[1,1]}}
,"C:\\Users\\pc\\Videos\\Event Ticketing System\\backend\\src\\Venue\\venue.service.ts": {"path":"C:\\Users\\pc\\Videos\\Event Ticketing System\\backend\\src\\Venue\\venue.service.ts","statementMap":{"0":{"start":{"line":1,"column":0},"end":{"line":1,"column":31}},"1":{"start":{"line":2,"column":0},"end":{"line":2,"column":48}},"2":{"start":{"line":3,"column":0},"end":{"line":3,"column":33}},"3":{"start":{"line":7,"column":22},"end":{"line":13,"column":1}},"4":{"start":{"line":8,"column":2},"end":{"line":12,"column":3}},"5":{"start":{"line":9,"column":4},"end":{"line":9,"column":47}},"6":{"start":{"line":11,"column":4},"end":{"line":11,"column":44}},"7":{"start":{"line":7,"column":13},"end":{"line":7,"column":22}},"8":{"start":{"line":16,"column":23},"end":{"line":23,"column":1}},"9":{"start":{"line":17,"column":2},"end":{"line":22,"column":3}},"10":{"start":{"line":18,"column":19},"end":{"line":18,"column":90}},"11":{"start":{"line":19,"column":4},"end":{"line":19,"column":21}},"12":{"start":{"line":21,"column":4},"end":{"line":21,"column":49}},"13":{"start":{"line":16,"column":13},"end":{"line":16,"column":23}},"14":{"start":{"line":26,"column":22},"end":{"line":33,"column":1}},"15":{"start":{"line":27,"column":2},"end":{"line":32,"column":3}},"16":{"start":{"line":28,"column":19},"end":{"line":28,"column":72}},"17":{"start":{"line":29,"column":4},"end":{"line":29,"column":21}},"18":{"start":{"line":31,"column":4},"end":{"line":31,"column":46}},"19":{"start":{"line":26,"column":13},"end":{"line":26,"column":22}},"20":{"start":{"line":36,"column":22},"end":{"line":46,"column":1}},"21":{"start":{"line":37,"column":2},"end":{"line":45,"column":3}},"22":{"start":{"line":38,"column":19},"end":{"line":41,"column":18}},"23":{"start":{"line":42,"column":4},"end":{"line":42,"column":21}},"24":{"start":{"line":44,"column":4},"end":{"line":44,"column":46}},"25":{"start":{"line":36,"column":13},"end":{"line":36,"column":22}},"26":{"start":{"line":49,"column":22},"end":{"line":58,"column":1}},"27":{"start":{"line":50,"column":2},"end":{"line":57,"column":3}},"28":{"start":{"line":51,"column":19},"end":{"line":53,"column":18}},"29":{"start":{"line":54,"column":4},"end":{"line":54,"column":29}},"30":{"start":{"line":56,"column":4},"end":{"line":56,"column":46}},"31":{"start":{"line":49,"column":13},"end":{"line":49,"column":22}}},"fnMap":{"0":{"name":"(anonymous_1)","decl":{"start":{"line":7,"column":22},"end":{"line":7,"column":27}},"loc":{"start":{"line":7,"column":53},"end":{"line":13,"column":1}}},"1":{"name":"(anonymous_2)","decl":{"start":{"line":16,"column":23},"end":{"line":16,"column":28}},"loc":{"start":{"line":16,"column":74},"end":{"line":23,"column":1}}},"2":{"name":"(anonymous_3)","decl":{"start":{"line":26,"column":22},"end":{"line":26,"column":27}},"loc":{"start":{"line":26,"column":76},"end":{"line":33,"column":1}}},"3":{"name":"(anonymous_4)","decl":{"start":{"line":36,"column":22},"end":{"line":36,"column":27}},"loc":{"start":{"line":36,"column":97},"end":{"line":46,"column":1}}},"4":{"name":"(anonymous_5)","decl":{"start":{"line":49,"column":22},"end":{"line":49,"column":27}},"loc":{"start":{"line":49,"column":61},"end":{"line":58,"column":1}}}},"branchMap":{},"s":{"0":1,"1":1,"2":1,"3":1,"4":2,"5":2,"6":1,"7":1,"8":1,"9":2,"10":2,"11":1,"12":1,"13":1,"14":1,"15":2,"16":2,"17":1,"18":1,"19":1,"20":1,"21":2,"22":2,"23":1,"24":1,"25":1,"26":1,"27":3,"28":3,"29":2,"30":1,"31":1},"f":{"0":2,"1":2,"2":2,"3":2,"4":3},"b":{}}
}
