TN:
SF:src\Booking\booking.service.ts
FN:6,(anonymous_1)
FN:14,(anonymous_2)
FN:23,(anonymous_3)
FN:31,(anonymous_4)
FN:40,(anonymous_5)
FN:52,(anonymous_6)
FNF:6
FNH:5
FNDA:2,(anonymous_1)
FNDA:2,(anonymous_2)
FNDA:0,(anonymous_3)
FNDA:2,(anonymous_4)
FNDA:2,(anonymous_5)
FNDA:2,(anonymous_6)
DA:1,1
DA:2,1
DA:3,1
DA:6,1
DA:7,2
DA:8,2
DA:10,1
DA:14,1
DA:15,2
DA:16,2
DA:17,1
DA:19,1
DA:23,1
DA:24,0
DA:25,0
DA:27,0
DA:31,1
DA:32,2
DA:33,2
DA:34,1
DA:36,1
DA:40,1
DA:41,2
DA:42,2
DA:46,1
DA:48,1
DA:52,1
DA:53,2
DA:54,2
DA:57,1
DA:59,1
LF:31
LH:28
BRF:0
BRH:0
end_of_record
TN:
SF:src\Events\event.service.ts
FN:6,(anonymous_1)
FN:14,(anonymous_2)
FN:23,(anonymous_3)
FN:32,(anonymous_4)
FN:44,(anonymous_5)
FNF:5
FNH:5
FNDA:2,(anonymous_1)
FNDA:2,(anonymous_2)
FNDA:2,(anonymous_3)
FNDA:2,(anonymous_4)
FNDA:2,(anonymous_5)
DA:1,1
DA:2,1
DA:3,1
DA:6,1
DA:7,2
DA:8,2
DA:10,1
DA:14,1
DA:15,2
DA:16,2
DA:17,1
DA:19,1
DA:23,1
DA:24,2
DA:25,2
DA:26,1
DA:28,1
DA:32,1
DA:33,2
DA:34,2
DA:38,1
DA:40,1
DA:44,1
DA:45,2
DA:46,2
DA:49,1
DA:51,1
LF:27
LH:27
BRF:0
BRH:0
end_of_record
TN:
SF:src\Payments\payment.service.ts
FN:8,(anonymous_1)
FN:17,(anonymous_2)
FN:27,(anonymous_3)
FN:37,(anonymous_4)
FN:47,(anonymous_5)
FN:60,(anonymous_6)
FNF:6
FNH:6
FNDA:2,(anonymous_1)
FNDA:2,(anonymous_2)
FNDA:2,(anonymous_3)
FNDA:2,(anonymous_4)
FNDA:2,(anonymous_5)
FNDA:2,(anonymous_6)
DA:2,1
DA:3,1
DA:4,1
DA:8,1
DA:9,2
DA:10,2
DA:12,1
DA:17,1
DA:18,2
DA:19,2
DA:20,1
DA:22,1
DA:27,1
DA:28,2
DA:29,2
DA:30,1
DA:32,1
DA:37,1
DA:38,2
DA:39,2
DA:40,1
DA:42,1
DA:47,1
DA:48,2
DA:49,2
DA:53,1
DA:55,1
DA:60,1
DA:61,2
DA:62,2
DA:65,1
DA:67,1
LF:32
LH:32
BRF:0
BRH:0
end_of_record
TN:
SF:src\Supportticket\support-ticket.service.ts
FN:6,(anonymous_1)
FN:14,(anonymous_2)
FN:25,(anonymous_3)
FN:35,(anonymous_4)
FN:46,(anonymous_5)
FN:58,(anonymous_6)
FNF:6
FNH:6
FNDA:2,(anonymous_1)
FNDA:2,(anonymous_2)
FNDA:1,(anonymous_3)
FNDA:2,(anonymous_4)
FNDA:2,(anonymous_5)
FNDA:2,(anonymous_6)
DA:1,1
DA:2,1
DA:3,1
DA:6,1
DA:7,2
DA:8,2
DA:10,1
DA:14,1
DA:15,2
DA:16,2
DA:19,1
DA:21,1
DA:25,1
DA:26,1
DA:27,1
DA:31,0
DA:35,1
DA:36,2
DA:37,2
DA:40,1
DA:42,1
DA:46,1
DA:47,2
DA:48,2
DA:52,1
DA:54,1
DA:58,1
DA:59,2
DA:60,2
DA:63,1
DA:65,1
LF:31
LH:30
BRF:0
BRH:0
end_of_record
TN:
SF:src\User\user.service.ts
FN:7,(anonymous_1)
FN:16,(anonymous_2)
FN:26,(anonymous_3)
FN:36,(anonymous_4)
FN:49,(anonymous_5)
FN:65,(anonymous_6)
FN:77,(anonymous_7)
FNF:7
FNH:7
FNDA:2,(anonymous_1)
FNDA:2,(anonymous_2)
FNDA:2,(anonymous_3)
FNDA:3,(anonymous_4)
FNDA:3,(anonymous_5)
FNDA:3,(anonymous_6)
FNDA:3,(anonymous_7)
DA:1,1
DA:2,1
DA:3,1
DA:7,1
DA:8,2
DA:9,2
DA:11,1
DA:16,1
DA:17,2
DA:18,2
DA:19,1
DA:21,1
DA:26,1
DA:27,2
DA:28,2
DA:29,1
DA:31,1
DA:36,1
DA:37,3
DA:38,3
DA:39,1
DA:41,2
DA:42,1
DA:44,1
DA:49,1
DA:50,3
DA:51,3
DA:55,1
DA:57,2
DA:58,1
DA:60,1
DA:65,1
DA:66,3
DA:67,3
DA:70,2
DA:72,1
DA:77,1
DA:78,3
DA:79,3
DA:82,2
DA:84,1
LF:41
LH:41
BRDA:41,0,0,1
BRDA:41,0,1,1
BRDA:57,1,0,1
BRDA:57,1,1,1
BRF:4
BRH:4
end_of_record
TN:
SF:src\Venue\venue.service.ts
FN:7,(anonymous_1)
FN:16,(anonymous_2)
FN:26,(anonymous_3)
FN:36,(anonymous_4)
FN:49,(anonymous_5)
FNF:5
FNH:5
FNDA:2,(anonymous_1)
FNDA:2,(anonymous_2)
FNDA:2,(anonymous_3)
FNDA:2,(anonymous_4)
FNDA:3,(anonymous_5)
DA:1,1
DA:2,1
DA:3,1
DA:7,1
DA:8,2
DA:9,2
DA:11,1
DA:16,1
DA:17,2
DA:18,2
DA:19,1
DA:21,1
DA:26,1
DA:27,2
DA:28,2
DA:29,1
DA:31,1
DA:36,1
DA:37,2
DA:38,2
DA:42,1
DA:44,1
DA:49,1
DA:50,3
DA:51,3
DA:54,2
DA:56,1
LF:27
LH:27
BRF:0
BRH:0
end_of_record
