TN:
SF:src\Booking\booking.controller.ts
FN:5,(anonymous_9)
FN:15,(anonymous_10)
FN:37,(anonymous_11)
FN:55,(anonymous_12)
FN:80,(anonymous_13)
FN:115,(anonymous_14)
FNF:6
FNH:6
FNDA:2,(anonymous_9)
FNDA:3,(anonymous_10)
FNDA:2,(anonymous_11)
FNDA:2,(anonymous_12)
FNDA:2,(anonymous_13)
FNDA:2,(anonymous_14)
DA:2,1
DA:5,1
DA:6,2
DA:7,2
DA:8,1
DA:10,1
DA:15,1
DA:16,3
DA:17,3
DA:18,3
DA:20,3
DA:21,3
DA:22,0
DA:26,3
DA:27,1
DA:30,2
DA:32,0
DA:37,1
DA:38,2
DA:39,2
DA:40,2
DA:43,2
DA:44,1
DA:47,1
DA:48,1
DA:50,0
DA:55,1
DA:56,2
DA:57,2
DA:58,2
DA:65,2
DA:66,1
DA:67,0
DA:70,1
DA:75,1
DA:80,1
DA:81,2
DA:82,2
DA:83,2
DA:85,2
DA:86,2
DA:87,0
DA:91,2
DA:92,1
DA:95,1
DA:100,1
DA:101,1
DA:102,0
DA:105,1
DA:110,0
DA:115,1
DA:116,2
DA:117,2
DA:118,2
DA:120,2
DA:121,2
DA:122,0
DA:126,2
DA:127,1
DA:130,1
DA:131,1
DA:132,0
DA:135,1
DA:137,0
LF:64
LH:54
BRDA:21,0,0,0
BRDA:21,0,1,3
BRDA:26,1,0,1
BRDA:26,1,1,2
BRDA:26,2,0,3
BRDA:26,2,1,2
BRDA:43,3,0,1
BRDA:43,3,1,1
BRDA:43,4,0,2
BRDA:43,4,1,2
BRDA:66,5,0,0
BRDA:66,5,1,1
BRDA:86,6,0,0
BRDA:86,6,1,2
BRDA:91,7,0,1
BRDA:91,7,1,1
BRDA:91,8,0,2
BRDA:91,8,1,1
BRDA:101,9,0,0
BRDA:101,9,1,1
BRDA:121,10,0,0
BRDA:121,10,1,2
BRDA:126,11,0,1
BRDA:126,11,1,1
BRDA:126,12,0,2
BRDA:126,12,1,1
BRDA:131,13,0,0
BRDA:131,13,1,1
BRF:28
BRH:22
end_of_record
TN:
SF:src\Booking\booking.service.ts
FN:6,(anonymous_1)
FN:14,(anonymous_2)
FN:23,(anonymous_3)
FN:31,(anonymous_4)
FN:40,(anonymous_5)
FN:52,(anonymous_6)
FNF:6
FNH:5
FNDA:2,(anonymous_1)
FNDA:2,(anonymous_2)
FNDA:0,(anonymous_3)
FNDA:2,(anonymous_4)
FNDA:2,(anonymous_5)
FNDA:2,(anonymous_6)
DA:1,2
DA:2,2
DA:3,2
DA:6,2
DA:7,2
DA:8,2
DA:10,1
DA:14,2
DA:15,2
DA:16,2
DA:17,1
DA:19,1
DA:23,2
DA:24,0
DA:25,0
DA:27,0
DA:31,2
DA:32,2
DA:33,2
DA:34,1
DA:36,1
DA:40,2
DA:41,2
DA:42,2
DA:46,1
DA:48,1
DA:52,2
DA:53,2
DA:54,2
DA:57,1
DA:59,1
LF:31
LH:28
BRF:0
BRH:0
end_of_record
TN:
SF:src\Events\event.controller.ts
FN:5,(anonymous_9)
FN:15,(anonymous_10)
FN:31,(anonymous_11)
FN:54,(anonymous_12)
FN:77,(anonymous_13)
FNF:5
FNH:5
FNDA:2,(anonymous_9)
FNDA:3,(anonymous_10)
FNDA:3,(anonymous_11)
FNDA:3,(anonymous_12)
FNDA:3,(anonymous_13)
DA:2,1
DA:5,1
DA:6,2
DA:7,2
DA:8,1
DA:10,1
DA:15,1
DA:16,3
DA:17,3
DA:18,3
DA:20,2
DA:21,1
DA:24,1
DA:26,1
DA:31,1
DA:32,3
DA:33,3
DA:39,3
DA:40,2
DA:41,1
DA:44,1
DA:49,1
DA:54,1
DA:55,3
DA:56,3
DA:57,3
DA:62,3
DA:63,2
DA:64,1
DA:67,1
DA:72,1
DA:77,1
DA:78,3
DA:79,3
DA:80,3
DA:82,2
DA:83,1
DA:86,1
DA:88,1
LF:39
LH:39
BRDA:20,0,0,1
BRDA:20,0,1,1
BRDA:40,1,0,1
BRDA:40,1,1,1
BRDA:63,2,0,1
BRDA:63,2,1,1
BRDA:82,3,0,1
BRDA:82,3,1,1
BRF:8
BRH:8
end_of_record
TN:
SF:src\Events\event.service.ts
FN:6,(anonymous_1)
FN:14,(anonymous_2)
FN:23,(anonymous_3)
FN:32,(anonymous_4)
FN:44,(anonymous_5)
FNF:5
FNH:5
FNDA:2,(anonymous_1)
FNDA:2,(anonymous_2)
FNDA:2,(anonymous_3)
FNDA:2,(anonymous_4)
FNDA:2,(anonymous_5)
DA:1,2
DA:2,2
DA:3,2
DA:6,2
DA:7,2
DA:8,2
DA:10,1
DA:14,2
DA:15,2
DA:16,2
DA:17,1
DA:19,1
DA:23,2
DA:24,2
DA:25,2
DA:26,1
DA:28,1
DA:32,2
DA:33,2
DA:34,2
DA:38,1
DA:40,1
DA:44,2
DA:45,2
DA:46,2
DA:49,1
DA:51,1
LF:27
LH:27
BRF:0
BRH:0
end_of_record
TN:
SF:src\Payments\payment.controller.ts
FN:5,(anonymous_9)
FN:15,(anonymous_10)
FN:31,(anonymous_11)
FN:47,(anonymous_12)
FN:71,(anonymous_13)
FN:94,(anonymous_14)
FNF:6
FNH:6
FNDA:3,(anonymous_9)
FNDA:4,(anonymous_10)
FNDA:3,(anonymous_11)
FNDA:3,(anonymous_12)
FNDA:3,(anonymous_13)
FNDA:3,(anonymous_14)
DA:2,1
DA:5,1
DA:6,3
DA:7,3
DA:8,2
DA:10,1
DA:15,1
DA:16,4
DA:17,4
DA:18,4
DA:20,3
DA:21,2
DA:24,1
DA:26,1
DA:31,1
DA:32,3
DA:33,3
DA:34,3
DA:36,2
DA:37,1
DA:40,1
DA:42,1
DA:47,1
DA:48,3
DA:49,3
DA:56,3
DA:57,2
DA:58,1
DA:61,1
DA:66,1
DA:71,1
DA:72,3
DA:73,3
DA:74,3
DA:79,3
DA:80,2
DA:81,1
DA:84,1
DA:89,1
DA:94,1
DA:95,3
DA:96,3
DA:97,3
DA:99,2
DA:100,1
DA:103,1
DA:105,1
LF:47
LH:47
BRDA:20,0,0,2
BRDA:20,0,1,1
BRDA:36,1,0,1
BRDA:36,1,1,1
BRDA:57,2,0,1
BRDA:57,2,1,1
BRDA:80,3,0,1
BRDA:80,3,1,1
BRDA:99,4,0,1
BRDA:99,4,1,1
BRF:10
BRH:10
end_of_record
TN:
SF:src\Payments\payment.service.ts
FN:8,(anonymous_1)
FN:17,(anonymous_2)
FN:27,(anonymous_3)
FN:37,(anonymous_4)
FN:47,(anonymous_5)
FN:60,(anonymous_6)
FNF:6
FNH:6
FNDA:2,(anonymous_1)
FNDA:2,(anonymous_2)
FNDA:2,(anonymous_3)
FNDA:2,(anonymous_4)
FNDA:2,(anonymous_5)
FNDA:2,(anonymous_6)
DA:2,2
DA:3,2
DA:4,2
DA:8,2
DA:9,2
DA:10,2
DA:12,1
DA:17,2
DA:18,2
DA:19,2
DA:20,1
DA:22,1
DA:27,2
DA:28,2
DA:29,2
DA:30,1
DA:32,1
DA:37,2
DA:38,2
DA:39,2
DA:40,1
DA:42,1
DA:47,2
DA:48,2
DA:49,2
DA:53,1
DA:55,1
DA:60,2
DA:61,2
DA:62,2
DA:65,1
DA:67,1
LF:32
LH:32
BRF:0
BRH:0
end_of_record
TN:
SF:src\Supportticket\support-ticket.controller.ts
FN:5,(anonymous_9)
FN:15,(anonymous_10)
FN:37,(anonymous_11)
FN:55,(anonymous_12)
FN:80,(anonymous_13)
FN:120,(anonymous_14)
FNF:6
FNH:6
FNDA:3,(anonymous_9)
FNDA:5,(anonymous_10)
FNDA:4,(anonymous_11)
FNDA:4,(anonymous_12)
FNDA:6,(anonymous_13)
FNDA:6,(anonymous_14)
DA:2,1
DA:5,1
DA:6,3
DA:7,3
DA:8,2
DA:10,1
DA:15,1
DA:16,5
DA:17,5
DA:18,5
DA:20,5
DA:21,4
DA:22,1
DA:26,3
DA:27,1
DA:30,2
DA:32,1
DA:37,1
DA:38,4
DA:39,4
DA:40,4
DA:43,4
DA:44,1
DA:47,3
DA:48,2
DA:50,1
DA:55,1
DA:56,4
DA:57,4
DA:58,4
DA:65,4
DA:66,3
DA:67,1
DA:70,2
DA:75,1
DA:80,1
DA:81,6
DA:82,6
DA:83,6
DA:85,6
DA:86,6
DA:87,1
DA:91,5
DA:92,1
DA:95,4
DA:101,4
DA:102,1
DA:105,4
DA:106,3
DA:107,1
DA:110,2
DA:115,1
DA:120,1
DA:121,6
DA:122,6
DA:123,6
DA:125,6
DA:126,6
DA:127,1
DA:131,5
DA:132,1
DA:135,4
DA:136,3
DA:137,1
DA:140,2
DA:142,1
LF:66
LH:66
BRDA:21,0,0,1
BRDA:21,0,1,3
BRDA:26,1,0,1
BRDA:26,1,1,2
BRDA:26,2,0,3
BRDA:26,2,1,2
BRDA:43,3,0,1
BRDA:43,3,1,3
BRDA:43,4,0,4
BRDA:43,4,1,2
BRDA:66,5,0,1
BRDA:66,5,1,2
BRDA:86,6,0,1
BRDA:86,6,1,5
BRDA:91,7,0,1
BRDA:91,7,1,4
BRDA:91,8,0,5
BRDA:91,8,1,2
BRDA:101,9,0,1
BRDA:101,9,1,3
BRDA:106,10,0,1
BRDA:106,10,1,2
BRDA:126,11,0,1
BRDA:126,11,1,5
BRDA:131,12,0,1
BRDA:131,12,1,4
BRDA:131,13,0,5
BRDA:131,13,1,2
BRDA:136,14,0,1
BRDA:136,14,1,2
BRF:30
BRH:30
end_of_record
TN:
SF:src\Supportticket\support-ticket.service.ts
FN:6,(anonymous_1)
FN:14,(anonymous_2)
FN:25,(anonymous_3)
FN:35,(anonymous_4)
FN:46,(anonymous_5)
FN:58,(anonymous_6)
FNF:6
FNH:6
FNDA:2,(anonymous_1)
FNDA:2,(anonymous_2)
FNDA:1,(anonymous_3)
FNDA:2,(anonymous_4)
FNDA:2,(anonymous_5)
FNDA:2,(anonymous_6)
DA:1,2
DA:2,2
DA:3,2
DA:6,2
DA:7,2
DA:8,2
DA:10,1
DA:14,2
DA:15,2
DA:16,2
DA:19,1
DA:21,1
DA:25,2
DA:26,1
DA:27,1
DA:31,0
DA:35,2
DA:36,2
DA:37,2
DA:40,1
DA:42,1
DA:46,2
DA:47,2
DA:48,2
DA:52,1
DA:54,1
DA:58,2
DA:59,2
DA:60,2
DA:63,1
DA:65,1
LF:31
LH:30
BRF:0
BRH:0
end_of_record
TN:
SF:src\User\user.controller.ts
FN:32,(anonymous_10)
FN:42,(anonymous_11)
FN:66,(anonymous_12)
FN:95,(anonymous_13)
FN:96,(anonymous_14)
FN:118,(anonymous_15)
FN:149,(anonymous_16)
FN:150,(anonymous_17)
FN:170,(anonymous_18)
FN:195,(anonymous_19)
FN:196,(anonymous_20)
FN:218,(anonymous_21)
FN:286,(anonymous_22)
FN:329,(anonymous_23)
FNF:14
FNH:9
FNDA:3,(anonymous_10)
FNDA:5,(anonymous_11)
FNDA:3,(anonymous_12)
FNDA:1,(anonymous_13)
FNDA:0,(anonymous_14)
FNDA:3,(anonymous_15)
FNDA:1,(anonymous_16)
FNDA:0,(anonymous_17)
FNDA:0,(anonymous_18)
FNDA:0,(anonymous_19)
FNDA:0,(anonymous_20)
FNDA:3,(anonymous_21)
FNDA:3,(anonymous_22)
FNDA:2,(anonymous_23)
DA:1,1
DA:3,1
DA:4,1
DA:5,1
DA:32,1
DA:33,3
DA:34,3
DA:35,2
DA:37,1
DA:42,1
DA:43,5
DA:44,5
DA:45,5
DA:48,5
DA:49,1
DA:52,4
DA:53,4
DA:54,1
DA:58,3
DA:59,3
DA:61,0
DA:66,1
DA:67,3
DA:68,3
DA:70,3
DA:71,1
DA:75,2
DA:78,2
DA:79,2
DA:87,2
DA:88,1
DA:89,0
DA:93,1
DA:94,1
DA:95,1
DA:96,0
DA:98,1
DA:110,1
DA:111,1
DA:113,0
DA:118,1
DA:119,3
DA:120,3
DA:122,3
DA:123,0
DA:126,3
DA:127,3
DA:128,1
DA:131,2
DA:132,0
DA:135,2
DA:136,1
DA:140,1
DA:145,1
DA:147,1
DA:148,1
DA:149,1
DA:150,0
DA:153,1
DA:165,0
DA:170,1
DA:171,0
DA:172,0
DA:174,0
DA:175,0
DA:179,0
DA:180,0
DA:187,0
DA:188,0
DA:189,0
DA:193,0
DA:194,0
DA:195,0
DA:196,0
DA:198,0
DA:210,0
DA:211,0
DA:213,0
DA:218,1
DA:219,3
DA:220,3
DA:222,3
DA:223,0
DA:227,3
DA:228,3
DA:229,0
DA:233,3
DA:234,1
DA:238,2
DA:239,2
DA:240,1
DA:244,1
DA:245,1
DA:246,0
DA:249,1
DA:259,1
DA:261,1
DA:262,1
DA:264,1
DA:278,0
DA:283,1
DA:286,1
DA:287,3
DA:288,3
DA:289,3
DA:290,3
DA:293,3
DA:294,1
DA:298,2
DA:299,0
DA:303,2
DA:304,1
DA:305,1
DA:306,1
DA:309,2
DA:310,2
DA:311,1
DA:315,1
DA:316,1
DA:321,0
DA:322,0
DA:324,0
DA:329,1
DA:330,2
DA:331,2
DA:332,2
DA:334,2
DA:335,1
DA:338,1
DA:340,0
LF:130
LH:96
BRDA:48,0,0,1
BRDA:48,0,1,4
BRDA:48,1,0,5
BRDA:48,1,1,2
BRDA:53,2,0,1
BRDA:53,2,1,3
BRDA:70,3,0,1
BRDA:70,3,1,2
BRDA:88,4,0,0
BRDA:88,4,1,1
BRDA:110,5,0,1
BRDA:110,5,1,0
BRDA:122,6,0,0
BRDA:122,6,1,3
BRDA:122,7,0,3
BRDA:122,7,1,3
BRDA:127,8,0,1
BRDA:127,8,1,2
BRDA:131,9,0,0
BRDA:131,9,1,2
BRDA:135,10,0,1
BRDA:135,10,1,1
BRDA:145,11,0,1
BRDA:145,11,1,0
BRDA:174,12,0,0
BRDA:174,12,1,0
BRDA:188,13,0,0
BRDA:188,13,1,0
BRDA:210,14,0,0
BRDA:210,14,1,0
BRDA:222,15,0,0
BRDA:222,15,1,3
BRDA:222,16,0,3
BRDA:222,16,1,3
BRDA:228,17,0,0
BRDA:228,17,1,3
BRDA:233,18,0,1
BRDA:233,18,1,2
BRDA:233,19,0,3
BRDA:233,19,1,3
BRDA:239,20,0,1
BRDA:239,20,1,1
BRDA:245,21,0,0
BRDA:245,21,1,1
BRDA:261,22,0,0
BRDA:261,22,1,1
BRDA:262,23,0,0
BRDA:262,23,1,1
BRDA:293,24,0,1
BRDA:293,24,1,2
BRDA:293,25,0,3
BRDA:293,25,1,2
BRDA:298,26,0,0
BRDA:298,26,1,2
BRDA:303,27,0,1
BRDA:303,27,1,1
BRDA:310,28,0,1
BRDA:310,28,1,1
BRDA:321,29,0,0
BRDA:321,29,1,0
BRDA:334,30,0,1
BRDA:334,30,1,1
BRF:62
BRH:43
end_of_record
TN:
SF:src\User\user.service.ts
FN:7,(anonymous_1)
FN:12,(anonymous_2)
FN:18,(anonymous_3)
FN:24,(anonymous_4)
FN:37,(anonymous_5)
FN:53,(anonymous_6)
FN:61,(anonymous_7)
FNF:7
FNH:7
FNDA:2,(anonymous_1)
FNDA:2,(anonymous_2)
FNDA:2,(anonymous_3)
FNDA:3,(anonymous_4)
FNDA:3,(anonymous_5)
FNDA:3,(anonymous_6)
FNDA:3,(anonymous_7)
DA:1,2
DA:2,2
DA:3,2
DA:7,2
DA:8,2
DA:12,2
DA:13,2
DA:14,1
DA:18,2
DA:19,2
DA:20,1
DA:24,2
DA:25,3
DA:26,3
DA:27,1
DA:29,2
DA:30,1
DA:32,1
DA:37,2
DA:38,3
DA:39,3
DA:43,1
DA:45,2
DA:46,1
DA:48,1
DA:53,2
DA:54,3
DA:57,2
DA:61,2
DA:62,3
DA:65,2
LF:31
LH:31
BRDA:29,0,0,1
BRDA:29,0,1,1
BRDA:45,1,0,1
BRDA:45,1,1,1
BRF:4
BRH:4
end_of_record
TN:
SF:src\Venue\venue.controller.ts
FN:5,(anonymous_9)
FN:15,(anonymous_10)
FN:31,(anonymous_11)
FN:54,(anonymous_12)
FN:77,(anonymous_13)
FNF:5
FNH:5
FNDA:3,(anonymous_9)
FNDA:4,(anonymous_10)
FNDA:3,(anonymous_11)
FNDA:3,(anonymous_12)
FNDA:3,(anonymous_13)
DA:2,1
DA:5,1
DA:6,3
DA:7,3
DA:8,2
DA:10,1
DA:15,1
DA:16,4
DA:17,4
DA:18,4
DA:20,3
DA:21,2
DA:24,1
DA:26,1
DA:31,1
DA:32,3
DA:33,3
DA:39,3
DA:40,2
DA:41,1
DA:44,1
DA:49,1
DA:54,1
DA:55,3
DA:56,3
DA:57,3
DA:62,3
DA:63,2
DA:64,1
DA:67,1
DA:72,1
DA:77,1
DA:78,3
DA:79,3
DA:80,3
DA:82,2
DA:83,1
DA:86,1
DA:88,1
LF:39
LH:39
BRDA:20,0,0,2
BRDA:20,0,1,1
BRDA:40,1,0,1
BRDA:40,1,1,1
BRDA:63,2,0,1
BRDA:63,2,1,1
BRDA:82,3,0,1
BRDA:82,3,1,1
BRF:8
BRH:8
end_of_record
TN:
SF:src\Venue\venue.service.ts
FN:7,(anonymous_1)
FN:16,(anonymous_2)
FN:26,(anonymous_3)
FN:36,(anonymous_4)
FN:49,(anonymous_5)
FNF:5
FNH:5
FNDA:2,(anonymous_1)
FNDA:2,(anonymous_2)
FNDA:2,(anonymous_3)
FNDA:2,(anonymous_4)
FNDA:3,(anonymous_5)
DA:1,2
DA:2,2
DA:3,2
DA:7,2
DA:8,2
DA:9,2
DA:11,1
DA:16,2
DA:17,2
DA:18,2
DA:19,1
DA:21,1
DA:26,2
DA:27,2
DA:28,2
DA:29,1
DA:31,1
DA:36,2
DA:37,2
DA:38,2
DA:42,1
DA:44,1
DA:49,2
DA:50,3
DA:51,3
DA:54,2
DA:56,1
LF:27
LH:27
BRF:0
BRH:0
end_of_record
